[DEBUG][15:12:46,365][http-nio-8082-exec-2][ ][ ][ ][/userInfo/insertUserInfo][com.alibaba.druid.filter.logging.Log4j2Filter:132][{conn-10004} pool-connect]
[DEBUG][15:12:46,366][http-nio-8082-exec-2][ ][ ][ ][/userInfo/insertUserInfo][cn.sunline.adp.dao.datasource.conn.DefaultDBConnectionManager:300][DB-2[getConnection]]
[DEBUG][15:12:46,366][http-nio-8082-exec-2][ ][ ][ ][/userInfo/insertUserInfo][com.alibaba.druid.filter.logging.Log4j2Filter:132][{conn-10004} setAutoCommit false]
[WARN ][15:12:46,367][http-nio-8082-exec-2][ ][ ][ ][/userInfo/insertUserInfo][cn.sunline.adp.dao.datasource.conn.DefaultDBConnectionManager:393][当前连接已执行过beginTransaction，无需重复执行！ ]
[DEBUG][15:12:46,367][http-nio-8082-exec-2][ ][ ][ ][/userInfo/insertUserInfo][cn.sunline.adp.cedar.engine.online.handler.before.OETInitCacheHandler:34][beforeWorking set parameter version...]
[DEBUG][15:12:46,367][http-nio-8082-exec-2][ ][ ][ ][/userInfo/insertUserInfo][cn.sunline.adp.cedar.engine.online.handler.before.OETInitCacheHandler:44][（1）OETInitCacheHandler set parameter version：3]
[DEBUG][15:12:46,367][http-nio-8082-exec-2][ ][ ][ ][/userInfo/insertUserInfo][cn.sunline.adp.cedar.engine.online.handler.before.OETInitCacheHandler:74][（2）OETInitCacheHandler set parameter version：3]
[INFO ][15:12:46,368][http-nio-8082-exec-2][ ][ ][ ][/userInfo/insertUserInfo][cn.sunline.adp.core.reloader.ConfigReloaderFactory:133][The current thread starts to bind configuration parameters]
[DEBUG][15:12:46,368][http-nio-8082-exec-2][ ][ ][ ][/userInfo/insertUserInfo][cn.sunline.adp.cedar.engine.online.handler.before.OETInitTimeoutHandler:31][timeout=[0]]
[INFO ][15:12:46,369][http-nio-8082-exec-2][ ][ ][ ][/userInfo/insertUserInfo][cn.sunline.adp.cedar.engine.online.handler.before.OETLogBeforeProcessHandler:44][
-------------------------业务服务[UserInfo.insertUserInfo][null][123][113][]开始-------------------------]
[INFO ][15:12:46,369][http-nio-8082-exec-2][ ][ ][ ][/userInfo/insertUserInfo][cn.sunline.adp.cedar.engine.online.handler.before.OETLogBeforeProcessHandler:45][REQ[{output={}, input={userid=5, userName=脏脏, userAge=向天再借五百年}, printer={}, comm_res={}, property={}, link_res={}, header={}, link_req={}, sys={servicecode=/userInfo/insertUserInfo, busiseqno=123, callseqno=113, profile={}}, comm_req={busi_seq=123, call_seq=113}}]]
[DEBUG][15:12:46,396][http-nio-8082-exec-2][ ][ ][ ][/userInfo/insertUserInfo][cn.sunline.adp.cedar.engine.online.spi.impl.DefaultOnlineEngineExtensionPoint:68][公共运行变量赋值: RunEnvs{bossno=null, tranno=null, acctno=null}]
[DEBUG][15:12:46,397][http-nio-8082-exec-2][ ][ ][ ][/userInfo/insertUserInfo][cn.sunline.adp.cedar.engine.online.OnlineEngineTemplate:144][transaction data area: {output={}, input={userid=5, userName=脏脏, userAge=向天再借五百年}, printer={}, comm_res={}, property={}, link_res={}, header={}, link_req={}, sys={servicecode=/userInfo/insertUserInfo, busiseqno=123, callseqno=113, profile={}}, comm_req={busi_seq=123, call_seq=113}}]
[DEBUG][15:12:46,412][http-nio-8082-exec-2][ ][ ][ ][/userInfo/insertUserInfo][cn.sunline.adp.cedar.engine.online.OnlineEngineTemplate:154][inintRunDataArea...]
[DEBUG][15:12:46,419][http-nio-8082-exec-2][ ][ ][ ][/userInfo/insertUserInfo][cn.sunline.adp.cedar.base.engine.datamapping.MappingFactory$ComplexTypeMapping:290][由src[userAge]映射到dest[userAge]失败，cause by :[0423]输入要素[userAge]不合法,要素[userAge-userAge]值[向天再借五百年]超长，不能大于最大长度[15]]
[ERROR][15:12:46,423][http-nio-8082-exec-2][ ][ ][ ][/userInfo/insertUserInfo][cn.sunline.adp.cedar.engine.online.OnlineEngineTemplate:107][[null] 处理请求失败 ]
java.lang.IllegalArgumentException: [0423]输入要素[userAge]不合法,要素[userAge-userAge]值[向天再借五百年]超长，不能大于最大长度[15]
	at cn.sunline.adp.cedar.base.engine.datamapping.MappingFactory$ComplexTypeMapping.doMapping(MappingFactory.java:291) ~[adp-cedar-base-4.1.1-zxbank-M7.9.jar:4.1.1-zxbank-M7.9]
	at cn.sunline.adp.cedar.base.engine.datamapping.DataMappingUtil2.dataMapping(DataMappingUtil2.java:73) ~[adp-cedar-base-4.1.1-zxbank-M7.9.jar:4.1.1-zxbank-M7.9]
	at cn.sunline.adp.cedar.base.engine.datamapping.DataMappingUtil.dataMapping(DataMappingUtil.java:100) ~[adp-cedar-base-4.1.1-zxbank-M7.9.jar:4.1.1-zxbank-M7.9]
	at cn.sunline.adp.cedar.base.engine.datamapping.DataMappingUtil.dataMapping(DataMappingUtil.java:70) ~[adp-cedar-base-4.1.1-zxbank-M7.9.jar:4.1.1-zxbank-M7.9]
	at cn.sunline.adp.cedar.engine.online.spi.impl.NormalDataMappingStrategy.initRunDataArea(NormalDataMappingStrategy.java:40) ~[adp-cedar-engine-online-4.1.1-zxbank-M7.9.jar:4.1.1-zxbank-M7.9]
	at cn.sunline.adp.cedar.engine.online.OnlineEngineTemplate.process(OnlineEngineTemplate.java:159) ~[adp-cedar-engine-online-4.1.1-zxbank-M7.9.jar:4.1.1-zxbank-M7.9]
	at cn.sunline.adp.cedar.engine.online.OnlineEngineTemplate.process(OnlineEngineTemplate.java:98) ~[adp-cedar-engine-online-4.1.1-zxbank-M7.9.jar:4.1.1-zxbank-M7.9]
	at cn.sunline.adp.cedar.server.online.server.OnlineAccessServiceFacade.execute(OnlineAccessServiceFacade.java:192) ~[adp-cedar-server-online-4.1.1-zxbank-M7.9.jar:4.1.1-zxbank-M7.9]
	at cn.sunline.adp.cedar.protocol.rest.access.handler.RestServiceExecutor.execute(RestServiceExecutor.java:35) ~[adp-transport-rest-4.1.1-zxbank-M7.9.jar:4.1.1-zxbank-M7.9]
	at cn.sunline.adp.cedar.protocol.rest.util.RestUtils.execute(RestUtils.java:23) ~[adp-transport-rest-4.1.1-zxbank-M7.9.jar:4.1.1-zxbank-M7.9]
	at cn.sunline.edsp.busi.adp.server.iobus.servicetype.UserInfoController.insertUserInfo(UserInfoController.java:51) ~[classes/:?]
	at sun.reflect.NativeMethodAccessorImpl.invoke0(Native Method) ~[?:1.8.0_191]
	at sun.reflect.NativeMethodAccessorImpl.invoke(Unknown Source) ~[?:1.8.0_191]
	at sun.reflect.DelegatingMethodAccessorImpl.invoke(Unknown Source) ~[?:1.8.0_191]
	at java.lang.reflect.Method.invoke(Unknown Source) ~[?:1.8.0_191]
	at org.springframework.web.method.support.InvocableHandlerMethod.doInvoke(InvocableHandlerMethod.java:190) ~[spring-web-5.1.10.RELEASE.jar:5.1.10.RELEASE]
	at org.springframework.web.method.support.InvocableHandlerMethod.invokeForRequest(InvocableHandlerMethod.java:138) ~[spring-web-5.1.10.RELEASE.jar:5.1.10.RELEASE]
	at org.springframework.web.servlet.mvc.method.annotation.ServletInvocableHandlerMethod.invokeAndHandle(ServletInvocableHandlerMethod.java:105) ~[spring-webmvc-5.1.10.RELEASE.jar:5.1.10.RELEASE]
	at org.springframework.web.servlet.mvc.method.annotation.RequestMappingHandlerAdapter.invokeHandlerMethod(RequestMappingHandlerAdapter.java:893) ~[spring-webmvc-5.1.10.RELEASE.jar:5.1.10.RELEASE]
	at org.springframework.web.servlet.mvc.method.annotation.RequestMappingHandlerAdapter.handleInternal(RequestMappingHandlerAdapter.java:798) ~[spring-webmvc-5.1.10.RELEASE.jar:5.1.10.RELEASE]
	at org.springframework.web.servlet.mvc.method.AbstractHandlerMethodAdapter.handle(AbstractHandlerMethodAdapter.java:87) ~[spring-webmvc-5.1.10.RELEASE.jar:5.1.10.RELEASE]
	at org.springframework.web.servlet.DispatcherServlet.doDispatch(DispatcherServlet.java:1040) ~[spring-webmvc-5.1.10.RELEASE.jar:5.1.10.RELEASE]
	at org.springframework.web.servlet.DispatcherServlet.doService(DispatcherServlet.java:943) ~[spring-webmvc-5.1.10.RELEASE.jar:5.1.10.RELEASE]
	at org.springframework.web.servlet.FrameworkServlet.processRequest(FrameworkServlet.java:1006) ~[spring-webmvc-5.1.10.RELEASE.jar:5.1.10.RELEASE]
	at org.springframework.web.servlet.FrameworkServlet.doPost(FrameworkServlet.java:909) ~[spring-webmvc-5.1.10.RELEASE.jar:5.1.10.RELEASE]
	at javax.servlet.http.HttpServlet.service(HttpServlet.java:665) ~[javax.servlet-api-4.0.1.jar:4.0.1]
	at org.springframework.web.servlet.FrameworkServlet.service(FrameworkServlet.java:883) ~[spring-webmvc-5.1.10.RELEASE.jar:5.1.10.RELEASE]
	at javax.servlet.http.HttpServlet.service(HttpServlet.java:750) ~[javax.servlet-api-4.0.1.jar:4.0.1]
	at org.apache.catalina.core.ApplicationFilterChain.internalDoFilter(ApplicationFilterChain.java:231) ~[tomcat-embed-core-9.0.26.jar:9.0.26]
	at org.apache.catalina.core.ApplicationFilterChain.doFilter(ApplicationFilterChain.java:166) ~[tomcat-embed-core-9.0.26.jar:9.0.26]
	at org.apache.tomcat.websocket.server.WsFilter.doFilter(WsFilter.java:53) ~[tomcat-embed-websocket-9.0.26.jar:9.0.26]
	at org.apache.catalina.core.ApplicationFilterChain.internalDoFilter(ApplicationFilterChain.java:193) ~[tomcat-embed-core-9.0.26.jar:9.0.26]
	at org.apache.catalina.core.ApplicationFilterChain.doFilter(ApplicationFilterChain.java:166) ~[tomcat-embed-core-9.0.26.jar:9.0.26]
	at org.springframework.boot.actuate.web.trace.servlet.HttpTraceFilter.doFilterInternal(HttpTraceFilter.java:88) ~[spring-boot-actuator-2.1.9.RELEASE.jar:2.1.9.RELEASE]
	at org.springframework.web.filter.OncePerRequestFilter.doFilter(OncePerRequestFilter.java:119) ~[spring-web-5.1.10.RELEASE.jar:5.1.10.RELEASE]
	at org.apache.catalina.core.ApplicationFilterChain.internalDoFilter(ApplicationFilterChain.java:193) ~[tomcat-embed-core-9.0.26.jar:9.0.26]
	at org.apache.catalina.core.ApplicationFilterChain.doFilter(ApplicationFilterChain.java:166) ~[tomcat-embed-core-9.0.26.jar:9.0.26]
	at org.springframework.web.filter.RequestContextFilter.doFilterInternal(RequestContextFilter.java:100) ~[spring-web-5.1.10.RELEASE.jar:5.1.10.RELEASE]
	at org.springframework.web.filter.OncePerRequestFilter.doFilter(OncePerRequestFilter.java:119) ~[spring-web-5.1.10.RELEASE.jar:5.1.10.RELEASE]
	at org.apache.catalina.core.ApplicationFilterChain.internalDoFilter(ApplicationFilterChain.java:193) ~[tomcat-embed-core-9.0.26.jar:9.0.26]
	at org.apache.catalina.core.ApplicationFilterChain.doFilter(ApplicationFilterChain.java:166) ~[tomcat-embed-core-9.0.26.jar:9.0.26]
	at org.springframework.web.filter.FormContentFilter.doFilterInternal(FormContentFilter.java:93) ~[spring-web-5.1.10.RELEASE.jar:5.1.10.RELEASE]
	at org.springframework.web.filter.OncePerRequestFilter.doFilter(OncePerRequestFilter.java:119) ~[spring-web-5.1.10.RELEASE.jar:5.1.10.RELEASE]
	at org.apache.catalina.core.ApplicationFilterChain.internalDoFilter(ApplicationFilterChain.java:193) ~[tomcat-embed-core-9.0.26.jar:9.0.26]
	at org.apache.catalina.core.ApplicationFilterChain.doFilter(ApplicationFilterChain.java:166) ~[tomcat-embed-core-9.0.26.jar:9.0.26]
	at org.springframework.web.filter.HiddenHttpMethodFilter.doFilterInternal(HiddenHttpMethodFilter.java:94) ~[spring-web-5.1.10.RELEASE.jar:5.1.10.RELEASE]
	at org.springframework.web.filter.OncePerRequestFilter.doFilter(OncePerRequestFilter.java:119) ~[spring-web-5.1.10.RELEASE.jar:5.1.10.RELEASE]
	at org.apache.catalina.core.ApplicationFilterChain.internalDoFilter(ApplicationFilterChain.java:193) ~[tomcat-embed-core-9.0.26.jar:9.0.26]
	at org.apache.catalina.core.ApplicationFilterChain.doFilter(ApplicationFilterChain.java:166) ~[tomcat-embed-core-9.0.26.jar:9.0.26]
	at org.springframework.boot.actuate.metrics.web.servlet.WebMvcMetricsFilter.filterAndRecordMetrics(WebMvcMetricsFilter.java:114) ~[spring-boot-actuator-2.1.9.RELEASE.jar:2.1.9.RELEASE]
	at org.springframework.boot.actuate.metrics.web.servlet.WebMvcMetricsFilter.doFilterInternal(WebMvcMetricsFilter.java:104) ~[spring-boot-actuator-2.1.9.RELEASE.jar:2.1.9.RELEASE]
	at org.springframework.web.filter.OncePerRequestFilter.doFilter(OncePerRequestFilter.java:119) ~[spring-web-5.1.10.RELEASE.jar:5.1.10.RELEASE]
	at org.apache.catalina.core.ApplicationFilterChain.internalDoFilter(ApplicationFilterChain.java:193) ~[tomcat-embed-core-9.0.26.jar:9.0.26]
	at org.apache.catalina.core.ApplicationFilterChain.doFilter(ApplicationFilterChain.java:166) ~[tomcat-embed-core-9.0.26.jar:9.0.26]
	at org.springframework.web.filter.CharacterEncodingFilter.doFilterInternal(CharacterEncodingFilter.java:201) ~[spring-web-5.1.10.RELEASE.jar:5.1.10.RELEASE]
	at org.springframework.web.filter.OncePerRequestFilter.doFilter(OncePerRequestFilter.java:119) ~[spring-web-5.1.10.RELEASE.jar:5.1.10.RELEASE]
	at org.apache.catalina.core.ApplicationFilterChain.internalDoFilter(ApplicationFilterChain.java:193) ~[tomcat-embed-core-9.0.26.jar:9.0.26]
	at org.apache.catalina.core.ApplicationFilterChain.doFilter(ApplicationFilterChain.java:166) ~[tomcat-embed-core-9.0.26.jar:9.0.26]
	at org.apache.catalina.core.StandardWrapperValve.invoke(StandardWrapperValve.java:202) ~[tomcat-embed-core-9.0.26.jar:9.0.26]
	at org.apache.catalina.core.StandardContextValve.invoke(StandardContextValve.java:96) ~[tomcat-embed-core-9.0.26.jar:9.0.26]
	at org.apache.catalina.authenticator.AuthenticatorBase.invoke(AuthenticatorBase.java:526) ~[tomcat-embed-core-9.0.26.jar:9.0.26]
	at org.apache.catalina.core.StandardHostValve.invoke(StandardHostValve.java:139) ~[tomcat-embed-core-9.0.26.jar:9.0.26]
	at org.apache.catalina.valves.ErrorReportValve.invoke(ErrorReportValve.java:92) ~[tomcat-embed-core-9.0.26.jar:9.0.26]
	at org.apache.catalina.core.StandardEngineValve.invoke(StandardEngineValve.java:74) ~[tomcat-embed-core-9.0.26.jar:9.0.26]
	at org.apache.catalina.connector.CoyoteAdapter.service(CoyoteAdapter.java:343) ~[tomcat-embed-core-9.0.26.jar:9.0.26]
	at org.apache.coyote.http11.Http11Processor.service(Http11Processor.java:408) ~[tomcat-embed-core-9.0.26.jar:9.0.26]
	at org.apache.coyote.AbstractProcessorLight.process(AbstractProcessorLight.java:66) ~[tomcat-embed-core-9.0.26.jar:9.0.26]
	at org.apache.coyote.AbstractProtocol$ConnectionHandler.process(AbstractProtocol.java:860) ~[tomcat-embed-core-9.0.26.jar:9.0.26]
	at org.apache.tomcat.util.net.NioEndpoint$SocketProcessor.doRun(NioEndpoint.java:1589) ~[tomcat-embed-core-9.0.26.jar:9.0.26]
	at org.apache.tomcat.util.net.SocketProcessorBase.run(SocketProcessorBase.java:49) ~[tomcat-embed-core-9.0.26.jar:9.0.26]
	at java.util.concurrent.ThreadPoolExecutor.runWorker(Unknown Source) ~[?:1.8.0_191]
	at java.util.concurrent.ThreadPoolExecutor$Worker.run(Unknown Source) ~[?:1.8.0_191]
	at org.apache.tomcat.util.threads.TaskThread$WrappingRunnable.run(TaskThread.java:61) ~[tomcat-embed-core-9.0.26.jar:9.0.26]
	at java.lang.Thread.run(Unknown Source) [?:1.8.0_191]
Caused by: cn.sunline.adp.core.exception.AdpBusinessException: [0423]输入要素[userAge]不合法,要素[userAge-userAge]值[向天再借五百年]超长，不能大于最大长度[15]
	at cn.sunline.adp.cedar.base.engine.BaseProfileValidator.checkSimpleFieldValidity(BaseProfileValidator.java:265) ~[adp-cedar-base-4.1.1-zxbank-M7.9.jar:4.1.1-zxbank-M7.9]
	at cn.sunline.adp.cedar.base.engine.BaseProfileValidator.checkField(BaseProfileValidator.java:73) ~[adp-cedar-base-4.1.1-zxbank-M7.9.jar:4.1.1-zxbank-M7.9]
	at cn.sunline.adp.cedar.base.engine.BaseProfileValidator.checkFieldValidity__(BaseProfileValidator.java:53) ~[adp-cedar-base-4.1.1-zxbank-M7.9.jar:4.1.1-zxbank-M7.9]
	at cn.sunline.adp.cedar.base.engine.BaseProfileValidator.checkFieldValidity(BaseProfileValidator.java:37) ~[adp-cedar-base-4.1.1-zxbank-M7.9.jar:4.1.1-zxbank-M7.9]
	at cn.sunline.adp.cedar.base.engine.datamapping.MappingFactory$SimpleTypeMapping.doMapping(MappingFactory.java:116) ~[adp-cedar-base-4.1.1-zxbank-M7.9.jar:4.1.1-zxbank-M7.9]
	at cn.sunline.adp.cedar.base.engine.datamapping.MappingFactory$ComplexTypeMapping.doMapping(MappingFactory.java:286) ~[adp-cedar-base-4.1.1-zxbank-M7.9.jar:4.1.1-zxbank-M7.9]
	... 73 more
[DEBUG][15:12:46,427][http-nio-8082-exec-2][ ][ ][ ][/userInfo/insertUserInfo][cn.sunline.adp.dao.datasource.transaction.impl.DefaultTransactionManager$2:148][DB-2[Rollback][FRWDB]，DB累计耗时[0]]
[INFO ][15:12:46,427][http-nio-8082-exec-2][ ][ ][ ][/userInfo/insertUserInfo][cn.sunline.adp.cedar.engine.online.handler.last.OETDumpDebugInfoHandler:35][
公共运行变量赋值
	字段映射
<交易开始>
<交易输入接口数据映射>
	字段映射
		userid->userid=5
		userName->userName=脏脏
	<公共响应变量输出至数据区>
		字段映射
]
[DEBUG][15:12:46,427][http-nio-8082-exec-2][ ][ ][ ][/userInfo/insertUserInfo][cn.sunline.adp.cedar.engine.online.spi.impl.DefaultOnlineEngineExtensionPoint:153][beforePkgFormat 调用默认实现]
[INFO ][15:12:46,428][http-nio-8082-exec-2][ ][ ][ ][/userInfo/insertUserInfo][cn.sunline.adp.cedar.engine.online.handler.last.OETLogResponseHandler:31][RES[{sys={pckgsq=00000000, erortx=[0423]输入要素[userAge]不合法,要素[userAge-userAge]值[向天再借五百年]超长，不能大于最大长度[15], erorcd=0423, status=F, maxsubtransno=}, comm_res={}, output={}, printer={}}]]
[INFO ][15:12:46,428][http-nio-8082-exec-2][ ][ ][ ][/userInfo/insertUserInfo][cn.sunline.adp.cedar.engine.online.handler.last.OETLogResponseHandler:45][
-------------------------业务服务[UserInfo.insertUserInfo][null][123][113][]结束-------------------------]
[DEBUG][15:13:02,442][http-nio-8082-exec-1][ ][ ][ ][/userInfo/insertUserInfo][com.alibaba.druid.filter.logging.Log4j2Filter:132][{conn-10004} pool-connect]
[DEBUG][15:13:02,442][http-nio-8082-exec-1][ ][ ][ ][/userInfo/insertUserInfo][cn.sunline.adp.dao.datasource.conn.DefaultDBConnectionManager:300][DB-3[getConnection]]
[DEBUG][15:13:02,442][http-nio-8082-exec-1][ ][ ][ ][/userInfo/insertUserInfo][com.alibaba.druid.filter.logging.Log4j2Filter:132][{conn-10004} setAutoCommit false]
[WARN ][15:13:02,443][http-nio-8082-exec-1][ ][ ][ ][/userInfo/insertUserInfo][cn.sunline.adp.dao.datasource.conn.DefaultDBConnectionManager:393][当前连接已执行过beginTransaction，无需重复执行！ ]
[DEBUG][15:13:02,443][http-nio-8082-exec-1][ ][ ][ ][/userInfo/insertUserInfo][cn.sunline.adp.cedar.engine.online.handler.before.OETInitCacheHandler:34][beforeWorking set parameter version...]
[DEBUG][15:13:02,443][http-nio-8082-exec-1][ ][ ][ ][/userInfo/insertUserInfo][cn.sunline.adp.cedar.engine.online.handler.before.OETInitCacheHandler:44][（1）OETInitCacheHandler set parameter version：3]
[DEBUG][15:13:02,443][http-nio-8082-exec-1][ ][ ][ ][/userInfo/insertUserInfo][cn.sunline.adp.cedar.engine.online.handler.before.OETInitCacheHandler:74][（2）OETInitCacheHandler set parameter version：3]
[INFO ][15:13:02,443][http-nio-8082-exec-1][ ][ ][ ][/userInfo/insertUserInfo][cn.sunline.adp.core.reloader.ConfigReloaderFactory:133][The current thread starts to bind configuration parameters]
[DEBUG][15:13:02,443][http-nio-8082-exec-1][ ][ ][ ][/userInfo/insertUserInfo][cn.sunline.adp.cedar.engine.online.handler.before.OETInitTimeoutHandler:31][timeout=[0]]
[INFO ][15:13:02,443][http-nio-8082-exec-1][ ][ ][ ][/userInfo/insertUserInfo][cn.sunline.adp.cedar.engine.online.handler.before.OETLogBeforeProcessHandler:44][
-------------------------业务服务[UserInfo.insertUserInfo][null][123][113][]开始-------------------------]
[INFO ][15:13:02,444][http-nio-8082-exec-1][ ][ ][ ][/userInfo/insertUserInfo][cn.sunline.adp.cedar.engine.online.handler.before.OETLogBeforeProcessHandler:45][REQ[{output={}, input={userid=5, userName=脏脏, userAge=12}, printer={}, comm_res={}, property={}, link_res={}, header={}, link_req={}, sys={servicecode=/userInfo/insertUserInfo, busiseqno=123, callseqno=113, profile={}}, comm_req={busi_seq=123, call_seq=113}}]]
[DEBUG][15:13:02,444][http-nio-8082-exec-1][ ][ ][ ][/userInfo/insertUserInfo][cn.sunline.adp.cedar.engine.online.spi.impl.DefaultOnlineEngineExtensionPoint:68][公共运行变量赋值: RunEnvs{bossno=null, tranno=null, acctno=null}]
[DEBUG][15:13:02,444][http-nio-8082-exec-1][ ][ ][ ][/userInfo/insertUserInfo][cn.sunline.adp.cedar.engine.online.OnlineEngineTemplate:144][transaction data area: {output={}, input={userid=5, userName=脏脏, userAge=12}, printer={}, comm_res={}, property={}, link_res={}, header={}, link_req={}, sys={servicecode=/userInfo/insertUserInfo, busiseqno=123, callseqno=113, profile={}}, comm_req={busi_seq=123, call_seq=113}}]
[DEBUG][15:13:02,445][http-nio-8082-exec-1][ ][ ][ ][/userInfo/insertUserInfo][cn.sunline.adp.cedar.engine.online.OnlineEngineTemplate:154][inintRunDataArea...]
[DEBUG][15:13:02,445][http-nio-8082-exec-1][ ][ ][ ][/userInfo/insertUserInfo][cn.sunline.adp.cedar.engine.online.OnlineEngineTemplate:163][交易转换后数据区Input{userid=5, userName=脏脏, userAge=12}]
[DEBUG][15:13:02,446][http-nio-8082-exec-1][ ][ ][ ][/userInfo/insertUserInfo][cn.sunline.adp.cedar.engine.online.OnlineEngineTemplate:167][beforeProcess...]
[DEBUG][15:13:02,446][http-nio-8082-exec-1][ ][ ][ ][/userInfo/insertUserInfo][cn.sunline.adp.cedar.engine.online.spi.impl.DefaultOnlineEngineExtensionPoint:129][beforeProcess 调用默认实现]
[DEBUG][15:13:02,446][http-nio-8082-exec-1][ ][ ][ ][/userInfo/insertUserInfo][cn.sunline.adp.cedar.engine.online.OnlineEngineTemplate:172][DA[Input]Input{userid=5, userName=脏脏, userAge=12}]
[DEBUG][15:13:02,452][http-nio-8082-exec-1][ ][ ][ ][/userInfo/insertUserInfo][cn.sunline.adp.cedar.service.model.JavaMethodServiceExecutor:81][SERVICE[UserInfo.insertUserInfo][insertUserInfo][input=Input{userid=5, userName=脏脏, userAge=12}]]
[DEBUG][15:13:02,458][http-nio-8082-exec-1][ ][ ][ ][/userInfo/insertUserInfo][cn.sunline.adp.cedar.base.engine.datamapping.InvokeProcUtil:58][调用过程: insertUserInfo([Input{userid=5, userName=脏脏, userAge=12}, null, Output{}])]
[DEBUG][15:13:02,678][http-nio-8082-exec-1][ ][ ][ ][/userInfo/insertUserInfo][com.alibaba.druid.filter.logging.Log4j2Filter:137][{conn-10004, pstmt-20006} created. insert into user_table(userid, userName, userAge) values (?, ?, ?)]
[SQL  ][15:13:02,679][http-nio-8082-exec-1][ ][ ][ ][/userInfo/insertUserInfo][net.sf.log4jdbc.Log4jSpyLogDelegator:241][4. insert into user_table(userid, userName, userAge) values ('5', '脏脏', '12')]
[DEBUG][15:13:02,679][http-nio-8082-exec-1][ ][ ][ ][/userInfo/insertUserInfo][com.alibaba.druid.filter.logging.Log4j2Filter:137][{conn-10004, pstmt-20006} Parameters : [5, 脏脏, 12]]
[DEBUG][15:13:02,680][http-nio-8082-exec-1][ ][ ][ ][/userInfo/insertUserInfo][com.alibaba.druid.filter.logging.Log4j2Filter:137][{conn-10004, pstmt-20006} Types : [VARCHAR, VARCHAR, VARCHAR]]
[DEBUG][15:13:02,706][http-nio-8082-exec-1][ ][ ][ ][/userInfo/insertUserInfo][com.alibaba.druid.filter.logging.Log4j2Filter:137][{conn-10004, pstmt-20006} executed. 26.6962 millis. insert into user_table(userid, userName, userAge) values (?, ?, ?)]
[DEBUG][15:13:02,707][http-nio-8082-exec-1][ ][ ][ ][/userInfo/insertUserInfo][com.alibaba.druid.filter.logging.Log4j2Filter:137][{conn-10004, pstmt-20006} clearParameters. ]
[DEBUG][15:13:02,707][http-nio-8082-exec-1][ ][ ][ ][/userInfo/insertUserInfo][com.alibaba.druid.pool.PreparedStatementPool:129][{conn-10004, pstmt-20006} enter cache]
[INFO ][15:13:02,709][http-nio-8082-exec-1][ ][ ][ ][/userInfo/insertUserInfo][cn.sunline.adp.metadata.mybatis.MyBatisSqlProcessor:227][[239][FRWDB]SQL[AtTable.user_table.Entity.insert][user_table{userid=5, userName=脏脏, userAge=12}]RowCount=1]
[DEBUG][15:13:02,710][http-nio-8082-exec-1][ ][ ][ ][/userInfo/insertUserInfo][cn.sunline.adp.cedar.base.engine.datamapping.InvokeProcUtil$2:115][调用过程成功:insertUserInfo]
[DEBUG][15:13:02,710][http-nio-8082-exec-1][ ][ ][ ][/userInfo/insertUserInfo][cn.sunline.adp.cedar.service.model.JavaMethodServiceExecutor:105][[258]SERVICE[UserInfo.insertUserInfo][insertUserInfo][true][output={}]]
[DEBUG][15:13:02,712][http-nio-8082-exec-1][ ][ ][ ][/userInfo/insertUserInfo][cn.sunline.adp.cedar.engine.online.OnlineEngineTemplate:180][afterProcess...]
[DEBUG][15:13:02,712][http-nio-8082-exec-1][ ][ ][ ][/userInfo/insertUserInfo][cn.sunline.adp.cedar.engine.online.spi.impl.DefaultOnlineEngineExtensionPoint:137][afterProcess 调用默认实现]
[DEBUG][15:13:02,712][http-nio-8082-exec-1][ ][ ][ ][/userInfo/insertUserInfo][cn.sunline.adp.cedar.engine.online.OnlineEngineTemplate:185][[266]DA[Output]Output{}]
[DEBUG][15:13:02,712][http-nio-8082-exec-1][ ][ ][ ][/userInfo/insertUserInfo][cn.sunline.adp.cedar.engine.online.OnlineEngineTemplate:190][returnDataMapping...]
[INFO ][15:13:02,714][http-nio-8082-exec-1][ ][ ][ ][/userInfo/insertUserInfo][cn.sunline.adp.cedar.engine.online.handler.after.OETSetResponseHeadHandler:37][getTxnTempObjMap:{}]
[DEBUG][15:13:02,714][http-nio-8082-exec-1][ ][ ][ ][/userInfo/insertUserInfo][cn.sunline.adp.cedar.engine.online.handler.after.OETCommitTransactionHandler:28][processSuccess commitDB begin...]
[DEBUG][15:13:02,714][http-nio-8082-exec-1][ ][ ][ ][/userInfo/insertUserInfo][cn.sunline.adp.dao.datasource.conn.DefaultDBConnectionManager:586][commit!!!]
[DEBUG][15:13:02,737][http-nio-8082-exec-1][ ][ ][ ][/userInfo/insertUserInfo][com.alibaba.druid.filter.logging.Log4j2Filter:132][{conn-10004} commited]
[INFO ][15:13:02,737][http-nio-8082-exec-1][ ][ ][ ][/userInfo/insertUserInfo][cn.sunline.adp.dao.datasource.transaction.impl.DefaultTransactionManager$1:93][DB-3[Commit][FRWDB]，DB累计耗时[239]]
[INFO ][15:13:02,738][http-nio-8082-exec-1][ ][ ][ ][/userInfo/insertUserInfo][cn.sunline.adp.cedar.engine.online.handler.last.OETDumpDebugInfoHandler:35][
公共运行变量赋值
	字段映射
<交易开始>
<交易输入接口数据映射>
	字段映射
		userid->userid=5
		userName->userName=脏脏
		userAge->userAge=12
<交易属性接口数据映射>
	字段映射
<交易输出接口数据映射>
	字段映射
字段映射
	userid->userid=5
	userName->userName=脏脏
	userAge->userAge=12
字段映射
<交易输出变量映射>
	字段映射
<交易结束>
<公共响应变量输出至数据区>
	字段映射
]
[DEBUG][15:13:02,738][http-nio-8082-exec-1][ ][ ][ ][/userInfo/insertUserInfo][cn.sunline.adp.cedar.engine.online.spi.impl.DefaultOnlineEngineExtensionPoint:153][beforePkgFormat 调用默认实现]
[INFO ][15:13:02,738][http-nio-8082-exec-1][ ][ ][ ][/userInfo/insertUserInfo][cn.sunline.adp.cedar.engine.online.handler.last.OETLogResponseHandler:31][RES[{sys={pckgsq=00000000, erortx=交易成功, erorcd=AAAAAAAAAA, status=S, maxsubtransno=}, comm_res={}, output={}, printer={}}]]
[INFO ][15:13:02,738][http-nio-8082-exec-1][ ][ ][ ][/userInfo/insertUserInfo][cn.sunline.adp.cedar.engine.online.handler.last.OETLogResponseHandler:45][
-------------------------业务服务[UserInfo.insertUserInfo][null][123][113][]结束-------------------------]
[DEBUG][18:08:22,902][http-nio-8082-exec-5][ ][ ][ ][/userInfo/insertUserInfo][com.alibaba.druid.filter.logging.Log4j2Filter:132][{conn-10004} pool-connect]
[DEBUG][18:08:22,915][http-nio-8082-exec-5][ ][ ][ ][/userInfo/insertUserInfo][cn.sunline.adp.dao.datasource.conn.DefaultDBConnectionManager:300][DB-4[getConnection]]
[DEBUG][18:08:22,915][http-nio-8082-exec-5][ ][ ][ ][/userInfo/insertUserInfo][com.alibaba.druid.filter.logging.Log4j2Filter:132][{conn-10004} setAutoCommit false]
[WARN ][18:08:22,955][http-nio-8082-exec-5][ ][ ][ ][/userInfo/insertUserInfo][cn.sunline.adp.dao.datasource.conn.DefaultDBConnectionManager:393][当前连接已执行过beginTransaction，无需重复执行！ ]
[DEBUG][18:08:22,956][http-nio-8082-exec-5][ ][ ][ ][/userInfo/insertUserInfo][cn.sunline.adp.cedar.engine.online.handler.before.OETInitCacheHandler:34][beforeWorking set parameter version...]
[DEBUG][18:08:22,956][http-nio-8082-exec-5][ ][ ][ ][/userInfo/insertUserInfo][cn.sunline.adp.cedar.engine.online.handler.before.OETInitCacheHandler:44][（1）OETInitCacheHandler set parameter version：3]
[DEBUG][18:08:22,956][http-nio-8082-exec-5][ ][ ][ ][/userInfo/insertUserInfo][cn.sunline.adp.cedar.engine.online.handler.before.OETInitCacheHandler:74][（2）OETInitCacheHandler set parameter version：3]
[INFO ][18:08:22,956][http-nio-8082-exec-5][ ][ ][ ][/userInfo/insertUserInfo][cn.sunline.adp.core.reloader.ConfigReloaderFactory:133][The current thread starts to bind configuration parameters]
[DEBUG][18:08:22,956][http-nio-8082-exec-5][ ][ ][ ][/userInfo/insertUserInfo][cn.sunline.adp.cedar.engine.online.handler.before.OETInitTimeoutHandler:31][timeout=[0]]
[INFO ][18:08:22,957][http-nio-8082-exec-5][ ][ ][ ][/userInfo/insertUserInfo][cn.sunline.adp.cedar.engine.online.handler.before.OETLogBeforeProcessHandler:44][
-------------------------业务服务[UserInfo.insertUserInfo][null][123][113][]开始-------------------------]
[INFO ][18:08:22,957][http-nio-8082-exec-5][ ][ ][ ][/userInfo/insertUserInfo][cn.sunline.adp.cedar.engine.online.handler.before.OETLogBeforeProcessHandler:45][REQ[{output={}, input={userid=4, userName=小朋友, userAge=125}, printer={}, comm_res={}, property={}, link_res={}, header={}, link_req={}, sys={servicecode=/userInfo/insertUserInfo, busiseqno=123, callseqno=113, profile={}}, comm_req={busi_seq=123, call_seq=113}}]]
[DEBUG][18:08:23,022][http-nio-8082-exec-5][ ][ ][ ][/userInfo/insertUserInfo][cn.sunline.adp.cedar.engine.online.spi.impl.DefaultOnlineEngineExtensionPoint:68][公共运行变量赋值: RunEnvs{bossno=null, tranno=null, acctno=null}]
[DEBUG][18:08:23,067][http-nio-8082-exec-5][ ][ ][ ][/userInfo/insertUserInfo][cn.sunline.adp.cedar.engine.online.OnlineEngineTemplate:144][transaction data area: {output={}, input={userid=4, userName=小朋友, userAge=125}, printer={}, comm_res={}, property={}, link_res={}, header={}, link_req={}, sys={servicecode=/userInfo/insertUserInfo, busiseqno=123, callseqno=113, profile={}}, comm_req={busi_seq=123, call_seq=113}}]
[DEBUG][18:08:23,068][http-nio-8082-exec-5][ ][ ][ ][/userInfo/insertUserInfo][cn.sunline.adp.cedar.engine.online.OnlineEngineTemplate:154][inintRunDataArea...]
[DEBUG][18:08:23,077][http-nio-8082-exec-5][ ][ ][ ][/userInfo/insertUserInfo][cn.sunline.adp.cedar.engine.online.OnlineEngineTemplate:163][交易转换后数据区Input{userid=4, userName=小朋友, userAge=125}]
[DEBUG][18:08:23,077][http-nio-8082-exec-5][ ][ ][ ][/userInfo/insertUserInfo][cn.sunline.adp.cedar.engine.online.OnlineEngineTemplate:167][beforeProcess...]
[DEBUG][18:08:23,077][http-nio-8082-exec-5][ ][ ][ ][/userInfo/insertUserInfo][cn.sunline.adp.cedar.engine.online.spi.impl.DefaultOnlineEngineExtensionPoint:129][beforeProcess 调用默认实现]
[DEBUG][18:08:23,077][http-nio-8082-exec-5][ ][ ][ ][/userInfo/insertUserInfo][cn.sunline.adp.cedar.engine.online.OnlineEngineTemplate:172][DA[Input]Input{userid=4, userName=小朋友, userAge=125}]
[DEBUG][18:08:23,078][http-nio-8082-exec-5][ ][ ][ ][/userInfo/insertUserInfo][cn.sunline.adp.cedar.service.model.JavaMethodServiceExecutor:81][SERVICE[UserInfo.insertUserInfo][insertUserInfo][input=Input{userid=4, userName=小朋友, userAge=125}]]
[DEBUG][18:08:23,078][http-nio-8082-exec-5][ ][ ][ ][/userInfo/insertUserInfo][cn.sunline.adp.cedar.base.engine.datamapping.InvokeProcUtil:58][调用过程: insertUserInfo([Input{userid=4, userName=小朋友, userAge=125}, null, Output{}])]
[SQL  ][18:08:23,288][http-nio-8082-exec-5][ ][ ][ ][/userInfo/insertUserInfo][net.sf.log4jdbc.Log4jSpyLogDelegator:241][5. insert into user_table(userid, userName, userAge) values ('4', '小朋友', '125')]
[DEBUG][18:08:23,289][http-nio-8082-exec-5][ ][ ][ ][/userInfo/insertUserInfo][com.alibaba.druid.filter.logging.Log4j2Filter:137][{conn-10004, pstmt-20006} Parameters : [4, 小朋友, 125]]
[DEBUG][18:08:23,290][http-nio-8082-exec-5][ ][ ][ ][/userInfo/insertUserInfo][com.alibaba.druid.filter.logging.Log4j2Filter:137][{conn-10004, pstmt-20006} Types : [VARCHAR, VARCHAR, VARCHAR]]
[DEBUG][18:08:23,444][http-nio-8082-exec-5][ ][ ][ ][/userInfo/insertUserInfo][com.alibaba.druid.filter.logging.Log4j2Filter:137][{conn-10004, pstmt-20006} executed. 155.1329 millis. insert into user_table(userid, userName, userAge) values (?, ?, ?)]
[DEBUG][18:08:23,450][http-nio-8082-exec-5][ ][ ][ ][/userInfo/insertUserInfo][com.alibaba.druid.filter.logging.Log4j2Filter:137][{conn-10004, pstmt-20006} clearParameters. ]
[INFO ][18:08:23,450][http-nio-8082-exec-5][ ][ ][ ][/userInfo/insertUserInfo][cn.sunline.adp.metadata.mybatis.MyBatisSqlProcessor:227][[216][FRWDB]SQL[AtTable.user_table.Entity.insert][user_table{userid=4, userName=小朋友, userAge=125}]RowCount=1]
[DEBUG][18:08:23,451][http-nio-8082-exec-5][ ][ ][ ][/userInfo/insertUserInfo][cn.sunline.adp.cedar.base.engine.datamapping.InvokeProcUtil$2:115][调用过程成功:insertUserInfo]
[DEBUG][18:08:23,451][http-nio-8082-exec-5][ ][ ][ ][/userInfo/insertUserInfo][cn.sunline.adp.cedar.service.model.JavaMethodServiceExecutor:105][[373]SERVICE[UserInfo.insertUserInfo][insertUserInfo][true][output={}]]
[DEBUG][18:08:23,480][http-nio-8082-exec-5][ ][ ][ ][/userInfo/insertUserInfo][cn.sunline.adp.cedar.engine.online.OnlineEngineTemplate:180][afterProcess...]
[DEBUG][18:08:23,480][http-nio-8082-exec-5][ ][ ][ ][/userInfo/insertUserInfo][cn.sunline.adp.cedar.engine.online.spi.impl.DefaultOnlineEngineExtensionPoint:137][afterProcess 调用默认实现]
[DEBUG][18:08:23,480][http-nio-8082-exec-5][ ][ ][ ][/userInfo/insertUserInfo][cn.sunline.adp.cedar.engine.online.OnlineEngineTemplate:185][[402]DA[Output]Output{}]
[DEBUG][18:08:23,480][http-nio-8082-exec-5][ ][ ][ ][/userInfo/insertUserInfo][cn.sunline.adp.cedar.engine.online.OnlineEngineTemplate:190][returnDataMapping...]
[INFO ][18:08:23,482][http-nio-8082-exec-5][ ][ ][ ][/userInfo/insertUserInfo][cn.sunline.adp.cedar.engine.online.handler.after.OETSetResponseHeadHandler:37][getTxnTempObjMap:{}]
[DEBUG][18:08:23,482][http-nio-8082-exec-5][ ][ ][ ][/userInfo/insertUserInfo][cn.sunline.adp.cedar.engine.online.handler.after.OETCommitTransactionHandler:28][processSuccess commitDB begin...]
[DEBUG][18:08:23,482][http-nio-8082-exec-5][ ][ ][ ][/userInfo/insertUserInfo][cn.sunline.adp.dao.datasource.conn.DefaultDBConnectionManager:586][commit!!!]
[DEBUG][18:08:23,560][http-nio-8082-exec-5][ ][ ][ ][/userInfo/insertUserInfo][com.alibaba.druid.filter.logging.Log4j2Filter:132][{conn-10004} commited]
[INFO ][18:08:23,561][http-nio-8082-exec-5][ ][ ][ ][/userInfo/insertUserInfo][cn.sunline.adp.dao.datasource.transaction.impl.DefaultTransactionManager$1:93][DB-4[Commit][FRWDB]，DB累计耗时[216]]
[INFO ][18:08:23,561][http-nio-8082-exec-5][ ][ ][ ][/userInfo/insertUserInfo][cn.sunline.adp.cedar.engine.online.handler.last.OETDumpDebugInfoHandler:35][
公共运行变量赋值
	字段映射
<交易开始>
<交易输入接口数据映射>
	字段映射
		userid->userid=4
		userName->userName=小朋友
		userAge->userAge=125
<交易属性接口数据映射>
	字段映射
<交易输出接口数据映射>
	字段映射
字段映射
	userid->userid=4
	userName->userName=小朋友
	userAge->userAge=125
字段映射
<交易输出变量映射>
	字段映射
<交易结束>
<公共响应变量输出至数据区>
	字段映射
]
[DEBUG][18:08:23,561][http-nio-8082-exec-5][ ][ ][ ][/userInfo/insertUserInfo][cn.sunline.adp.cedar.engine.online.spi.impl.DefaultOnlineEngineExtensionPoint:153][beforePkgFormat 调用默认实现]
[INFO ][18:08:23,561][http-nio-8082-exec-5][ ][ ][ ][/userInfo/insertUserInfo][cn.sunline.adp.cedar.engine.online.handler.last.OETLogResponseHandler:31][RES[{sys={pckgsq=00000000, erortx=交易成功, erorcd=AAAAAAAAAA, status=S, maxsubtransno=}, comm_res={}, output={}, printer={}}]]
[INFO ][18:08:23,561][http-nio-8082-exec-5][ ][ ][ ][/userInfo/insertUserInfo][cn.sunline.adp.cedar.engine.online.handler.last.OETLogResponseHandler:45][
-------------------------业务服务[UserInfo.insertUserInfo][null][123][113][]结束-------------------------]
[DEBUG][18:41:35,494][http-nio-8082-exec-1][ ][ ][ ][/userInfo/insertUserInfo][com.alibaba.druid.filter.logging.Log4j2Filter:132][{conn-10004} pool-connect]
[DEBUG][18:41:35,495][http-nio-8082-exec-1][ ][ ][ ][/userInfo/insertUserInfo][cn.sunline.adp.dao.datasource.conn.DefaultDBConnectionManager:300][DB-2[getConnection]]
[DEBUG][18:41:35,495][http-nio-8082-exec-1][ ][ ][ ][/userInfo/insertUserInfo][com.alibaba.druid.filter.logging.Log4j2Filter:132][{conn-10004} setAutoCommit false]
[WARN ][18:41:35,496][http-nio-8082-exec-1][ ][ ][ ][/userInfo/insertUserInfo][cn.sunline.adp.dao.datasource.conn.DefaultDBConnectionManager:393][当前连接已执行过beginTransaction，无需重复执行！ ]
[DEBUG][18:41:35,496][http-nio-8082-exec-1][ ][ ][ ][/userInfo/insertUserInfo][cn.sunline.adp.cedar.engine.online.handler.before.OETInitCacheHandler:34][beforeWorking set parameter version...]
[DEBUG][18:41:35,496][http-nio-8082-exec-1][ ][ ][ ][/userInfo/insertUserInfo][cn.sunline.adp.cedar.engine.online.handler.before.OETInitCacheHandler:44][（1）OETInitCacheHandler set parameter version：3]
[DEBUG][18:41:35,497][http-nio-8082-exec-1][ ][ ][ ][/userInfo/insertUserInfo][cn.sunline.adp.cedar.engine.online.handler.before.OETInitCacheHandler:74][（2）OETInitCacheHandler set parameter version：3]
[INFO ][18:41:35,497][http-nio-8082-exec-1][ ][ ][ ][/userInfo/insertUserInfo][cn.sunline.adp.core.reloader.ConfigReloaderFactory:133][The current thread starts to bind configuration parameters]
[DEBUG][18:41:35,498][http-nio-8082-exec-1][ ][ ][ ][/userInfo/insertUserInfo][cn.sunline.adp.cedar.engine.online.handler.before.OETInitTimeoutHandler:31][timeout=[0]]
[INFO ][18:41:35,498][http-nio-8082-exec-1][ ][ ][ ][/userInfo/insertUserInfo][cn.sunline.adp.cedar.engine.online.handler.before.OETLogBeforeProcessHandler:44][
-------------------------业务服务[UserInfo.insertUserInfo][null][123][113][]开始-------------------------]
[INFO ][18:41:35,498][http-nio-8082-exec-1][ ][ ][ ][/userInfo/insertUserInfo][cn.sunline.adp.cedar.engine.online.handler.before.OETLogBeforeProcessHandler:45][REQ[{output={}, input={userid=8, userName=小朋友, userAge=125}, printer={}, comm_res={}, property={}, link_res={}, header={}, link_req={}, sys={servicecode=/userInfo/insertUserInfo, busiseqno=123, callseqno=113, profile={}}, comm_req={busi_seq=123, call_seq=113}}]]
[DEBUG][18:41:35,517][http-nio-8082-exec-1][ ][ ][ ][/userInfo/insertUserInfo][cn.sunline.adp.cedar.engine.online.spi.impl.DefaultOnlineEngineExtensionPoint:68][公共运行变量赋值: RunEnvs{bossno=null, tranno=null, acctno=null}]
[DEBUG][18:41:35,518][http-nio-8082-exec-1][ ][ ][ ][/userInfo/insertUserInfo][cn.sunline.adp.cedar.engine.online.OnlineEngineTemplate:144][transaction data area: {output={}, input={userid=8, userName=小朋友, userAge=125}, printer={}, comm_res={}, property={}, link_res={}, header={}, link_req={}, sys={servicecode=/userInfo/insertUserInfo, busiseqno=123, callseqno=113, profile={}}, comm_req={busi_seq=123, call_seq=113}}]
[DEBUG][18:41:35,528][http-nio-8082-exec-1][ ][ ][ ][/userInfo/insertUserInfo][cn.sunline.adp.cedar.engine.online.OnlineEngineTemplate:154][inintRunDataArea...]
[DEBUG][18:41:35,531][http-nio-8082-exec-1][ ][ ][ ][/userInfo/insertUserInfo][cn.sunline.adp.cedar.engine.online.OnlineEngineTemplate:163][交易转换后数据区Input{userid=8, userName=小朋友, userAge=125}]
[DEBUG][18:41:35,531][http-nio-8082-exec-1][ ][ ][ ][/userInfo/insertUserInfo][cn.sunline.adp.cedar.engine.online.OnlineEngineTemplate:167][beforeProcess...]
[DEBUG][18:41:35,531][http-nio-8082-exec-1][ ][ ][ ][/userInfo/insertUserInfo][cn.sunline.adp.cedar.engine.online.spi.impl.DefaultOnlineEngineExtensionPoint:129][beforeProcess 调用默认实现]
[DEBUG][18:41:35,531][http-nio-8082-exec-1][ ][ ][ ][/userInfo/insertUserInfo][cn.sunline.adp.cedar.engine.online.OnlineEngineTemplate:172][DA[Input]Input{userid=8, userName=小朋友, userAge=125}]
[DEBUG][18:41:35,537][http-nio-8082-exec-1][ ][ ][ ][/userInfo/insertUserInfo][cn.sunline.adp.cedar.service.model.JavaMethodServiceExecutor:81][SERVICE[UserInfo.insertUserInfo][insertUserInfo][input=Input{userid=8, userName=小朋友, userAge=125}]]
[DEBUG][18:41:35,541][http-nio-8082-exec-1][ ][ ][ ][/userInfo/insertUserInfo][cn.sunline.adp.cedar.base.engine.datamapping.InvokeProcUtil:58][调用过程: insertUserInfo([Input{userid=8, userName=小朋友, userAge=125}, null, Output{}])]
[DEBUG][18:41:35,619][http-nio-8082-exec-1][ ][ ][ ][/userInfo/insertUserInfo][com.alibaba.druid.filter.logging.Log4j2Filter:137][{conn-10004, pstmt-20006} created. insert into user_table(userid, userName, userAge) values (?, ?, ?)]
[SQL  ][18:41:35,619][http-nio-8082-exec-1][ ][ ][ ][/userInfo/insertUserInfo][net.sf.log4jdbc.Log4jSpyLogDelegator:241][3. insert into user_table(userid, userName, userAge) values ('8', '小朋友', '125')]
[DEBUG][18:41:35,619][http-nio-8082-exec-1][ ][ ][ ][/userInfo/insertUserInfo][com.alibaba.druid.filter.logging.Log4j2Filter:137][{conn-10004, pstmt-20006} Parameters : [8, 小朋友, 125]]
[DEBUG][18:41:35,620][http-nio-8082-exec-1][ ][ ][ ][/userInfo/insertUserInfo][com.alibaba.druid.filter.logging.Log4j2Filter:137][{conn-10004, pstmt-20006} Types : [VARCHAR, VARCHAR, VARCHAR]]
[DEBUG][18:41:35,799][http-nio-8082-exec-1][ ][ ][ ][/userInfo/insertUserInfo][com.alibaba.druid.filter.logging.Log4j2Filter:137][{conn-10004, pstmt-20006} executed. 178.901 millis. insert into user_table(userid, userName, userAge) values (?, ?, ?)]
[DEBUG][18:41:35,799][http-nio-8082-exec-1][ ][ ][ ][/userInfo/insertUserInfo][com.alibaba.druid.filter.logging.Log4j2Filter:137][{conn-10004, pstmt-20006} clearParameters. ]
[DEBUG][18:41:35,799][http-nio-8082-exec-1][ ][ ][ ][/userInfo/insertUserInfo][com.alibaba.druid.pool.PreparedStatementPool:129][{conn-10004, pstmt-20006} enter cache]
[INFO ][18:41:35,802][http-nio-8082-exec-1][ ][ ][ ][/userInfo/insertUserInfo][cn.sunline.adp.metadata.mybatis.MyBatisSqlProcessor:227][[249][FRWDB]SQL[AtTable.user_table.Entity.insert][user_table{userid=8, userName=小朋友, userAge=125}]RowCount=1]
[DEBUG][18:41:35,803][http-nio-8082-exec-1][ ][ ][ ][/userInfo/insertUserInfo][cn.sunline.adp.cedar.base.engine.datamapping.InvokeProcUtil$2:115][调用过程成功:insertUserInfo]
[DEBUG][18:41:35,803][http-nio-8082-exec-1][ ][ ][ ][/userInfo/insertUserInfo][cn.sunline.adp.cedar.service.model.JavaMethodServiceExecutor:105][[266]SERVICE[UserInfo.insertUserInfo][insertUserInfo][true][output={}]]
[DEBUG][18:41:35,805][http-nio-8082-exec-1][ ][ ][ ][/userInfo/insertUserInfo][cn.sunline.adp.cedar.engine.online.OnlineEngineTemplate:180][afterProcess...]
[DEBUG][18:41:35,805][http-nio-8082-exec-1][ ][ ][ ][/userInfo/insertUserInfo][cn.sunline.adp.cedar.engine.online.spi.impl.DefaultOnlineEngineExtensionPoint:137][afterProcess 调用默认实现]
[DEBUG][18:41:35,805][http-nio-8082-exec-1][ ][ ][ ][/userInfo/insertUserInfo][cn.sunline.adp.cedar.engine.online.OnlineEngineTemplate:185][[274]DA[Output]Output{}]
[DEBUG][18:41:35,805][http-nio-8082-exec-1][ ][ ][ ][/userInfo/insertUserInfo][cn.sunline.adp.cedar.engine.online.OnlineEngineTemplate:190][returnDataMapping...]
[INFO ][18:41:35,807][http-nio-8082-exec-1][ ][ ][ ][/userInfo/insertUserInfo][cn.sunline.adp.cedar.engine.online.handler.after.OETSetResponseHeadHandler:37][getTxnTempObjMap:{}]
[DEBUG][18:41:35,808][http-nio-8082-exec-1][ ][ ][ ][/userInfo/insertUserInfo][cn.sunline.adp.cedar.engine.online.handler.after.OETCommitTransactionHandler:28][processSuccess commitDB begin...]
[DEBUG][18:41:35,808][http-nio-8082-exec-1][ ][ ][ ][/userInfo/insertUserInfo][cn.sunline.adp.dao.datasource.conn.DefaultDBConnectionManager:586][commit!!!]
[DEBUG][18:41:35,846][http-nio-8082-exec-1][ ][ ][ ][/userInfo/insertUserInfo][com.alibaba.druid.filter.logging.Log4j2Filter:132][{conn-10004} commited]
[INFO ][18:41:35,847][http-nio-8082-exec-1][ ][ ][ ][/userInfo/insertUserInfo][cn.sunline.adp.dao.datasource.transaction.impl.DefaultTransactionManager$1:93][DB-2[Commit][FRWDB]，DB累计耗时[249]]
[INFO ][18:41:35,847][http-nio-8082-exec-1][ ][ ][ ][/userInfo/insertUserInfo][cn.sunline.adp.cedar.engine.online.handler.last.OETDumpDebugInfoHandler:35][
公共运行变量赋值
	字段映射
<交易开始>
<交易输入接口数据映射>
	字段映射
		userid->userid=8
		userName->userName=小朋友
		userAge->userAge=125
<交易属性接口数据映射>
	字段映射
<交易输出接口数据映射>
	字段映射
字段映射
	userid->userid=8
	userName->userName=小朋友
	userAge->userAge=125
字段映射
<交易输出变量映射>
	字段映射
<交易结束>
<公共响应变量输出至数据区>
	字段映射
]
[DEBUG][18:41:35,847][http-nio-8082-exec-1][ ][ ][ ][/userInfo/insertUserInfo][cn.sunline.adp.cedar.engine.online.spi.impl.DefaultOnlineEngineExtensionPoint:153][beforePkgFormat 调用默认实现]
[INFO ][18:41:35,847][http-nio-8082-exec-1][ ][ ][ ][/userInfo/insertUserInfo][cn.sunline.adp.cedar.engine.online.handler.last.OETLogResponseHandler:31][RES[{sys={pckgsq=00000000, erortx=交易成功, erorcd=AAAAAAAAAA, status=S, maxsubtransno=}, comm_res={}, output={}, printer={}}]]
[INFO ][18:41:35,847][http-nio-8082-exec-1][ ][ ][ ][/userInfo/insertUserInfo][cn.sunline.adp.cedar.engine.online.handler.last.OETLogResponseHandler:45][
-------------------------业务服务[UserInfo.insertUserInfo][null][123][113][]结束-------------------------]
