[WARN ][09:21:41,609][main][ ][com.netflix.config.sources.URLConfigurationSource:121][No URLs will be polled as dynamic configuration sources.]
[INFO ][09:21:41,610][main][ ][com.netflix.config.sources.URLConfigurationSource:122][To enable URLs as dynamic configuration sources, define System property archaius.configurationSource.additionalUrls or make config.properties available on classpath.]
[DEBUG][09:21:41,650][main][ ][org.hibernate.validator.internal.engine.resolver.TraversableResolvers:60][Cannot find javax.persistence.Persistence on classpath. Assuming non JPA 2 environment. All properties will per default be traversable.]
[DEBUG][09:21:41,651][main][ ][org.hibernate.validator.messageinterpolation.ResourceBundleMessageInterpolator:89][Loaded expression factory via original TCCL]
[DEBUG][09:21:41,655][main][ ][org.hibernate.validator.internal.engine.resolver.TraversableResolvers:60][Cannot find javax.persistence.Persistence on classpath. Assuming non JPA 2 environment. All properties will per default be traversable.]
[DEBUG][09:21:41,657][main][ ][org.hibernate.validator.internal.engine.ConfigurationImpl:148][Setting custom MessageInterpolator of type org.springframework.validation.beanvalidation.LocaleContextMessageInterpolator]
[DEBUG][09:21:41,658][main][ ][org.hibernate.validator.internal.engine.ConfigurationImpl:180][Setting custom ConstraintValidatorFactory of type org.springframework.validation.beanvalidation.SpringConstraintValidatorFactory]
[DEBUG][09:21:41,659][main][ ][org.hibernate.validator.internal.engine.ConfigurationImpl:194][Setting custom ParameterNameProvider of type org.springframework.validation.beanvalidation.LocalValidatorFactoryBean$1]
[DEBUG][09:21:41,660][main][ ][org.hibernate.validator.internal.xml.config.ValidationXmlParser:120][Trying to load META-INF/validation.xml for XML based Validator configuration.]
[DEBUG][09:21:41,661][main][ ][org.hibernate.validator.internal.xml.config.ResourceLoaderHelper:53][Trying to load META-INF/validation.xml via user class loader]
[DEBUG][09:21:41,664][main][ ][org.hibernate.validator.internal.xml.config.ResourceLoaderHelper:60][Trying to load META-INF/validation.xml via TCCL]
[DEBUG][09:21:41,668][main][ ][org.hibernate.validator.internal.xml.config.ResourceLoaderHelper:66][Trying to load META-INF/validation.xml via Hibernate Validator's class loader]
[DEBUG][09:21:41,672][main][ ][org.hibernate.validator.internal.xml.config.ValidationXmlParser:127][No META-INF/validation.xml found. Using annotation based configuration only.]
[DEBUG][09:21:41,686][main][ ][org.hibernate.validator.internal.engine.ValidatorFactoryImpl:578][HV000234: Using org.springframework.validation.beanvalidation.LocaleContextMessageInterpolator as ValidatorFactory-scoped message interpolator.]
[DEBUG][09:21:41,686][main][ ][org.hibernate.validator.internal.engine.ValidatorFactoryImpl:579][HV000234: Using org.hibernate.validator.internal.engine.resolver.TraverseAllTraversableResolver as ValidatorFactory-scoped traversable resolver.]
[DEBUG][09:21:41,687][main][ ][org.hibernate.validator.internal.engine.ValidatorFactoryImpl:580][HV000234: Using org.hibernate.validator.internal.util.ExecutableParameterNameProvider as ValidatorFactory-scoped parameter name provider.]
[DEBUG][09:21:41,687][main][ ][org.hibernate.validator.internal.engine.ValidatorFactoryImpl:581][HV000234: Using org.hibernate.validator.internal.engine.DefaultClockProvider as ValidatorFactory-scoped clock provider.]
[DEBUG][09:21:41,687][main][ ][org.hibernate.validator.internal.engine.ValidatorFactoryImpl:582][HV000234: Using org.hibernate.validator.internal.engine.scripting.DefaultScriptEvaluatorFactory as ValidatorFactory-scoped script evaluator factory.]
[ERROR][09:21:47,293][main][ ][com.alibaba.cloud.nacos.registry.NacosServiceRegistry:68][nacos registry, card register failed...NacosRegistration{nacosDiscoveryProperties=NacosDiscoveryProperties{serverAddr='10.18.88.255:8848', endpoint='', namespace='', watchDelay=30000, logName='', service='card', weight=1.0, clusterName='DEFAULT', group='DEFAULT_GROUP', namingLoadCacheAtStart='false', metadata={preserved.register.source=SPRING_CLOUD}, registerEnabled=true, ip='10.18.88.255', networkInterface='', port=8081, secure=false, accessKey='', secretKey='', heartBeatInterval=null, heartBeatTimeout=null, ipDeleteTimeout=null}},]
java.lang.IllegalStateException: failed to req API:/nacos/v1/ns/instance after all servers([10.18.88.255:8848]) tried: failed to req API:10.18.88.255:8848/nacos/v1/ns/instance. code:500 msg: java.net.SocketTimeoutException: connect timed out
	at com.alibaba.nacos.client.naming.net.NamingProxy.reqAPI(NamingProxy.java:467) ~[nacos-client-1.1.4.jar:?]
	at com.alibaba.nacos.client.naming.net.NamingProxy.reqAPI(NamingProxy.java:389) ~[nacos-client-1.1.4.jar:?]
	at com.alibaba.nacos.client.naming.net.NamingProxy.registerService(NamingProxy.java:191) ~[nacos-client-1.1.4.jar:?]
	at com.alibaba.nacos.client.naming.NacosNamingService.registerInstance(NacosNamingService.java:207) ~[nacos-client-1.1.4.jar:?]
	at com.alibaba.cloud.nacos.registry.NacosServiceRegistry.register(NacosServiceRegistry.java:63) ~[spring-cloud-alibaba-nacos-discovery-2.1.1.RELEASE.jar:2.1.1.RELEASE]
	at org.springframework.cloud.client.serviceregistry.AbstractAutoServiceRegistration.register(AbstractAutoServiceRegistration.java:239) ~[spring-cloud-commons-2.1.4.RELEASE.jar:2.1.4.RELEASE]
	at com.alibaba.cloud.nacos.registry.NacosAutoServiceRegistration.register(NacosAutoServiceRegistration.java:75) ~[spring-cloud-alibaba-nacos-discovery-2.1.1.RELEASE.jar:2.1.1.RELEASE]
	at org.springframework.cloud.client.serviceregistry.AbstractAutoServiceRegistration.start(AbstractAutoServiceRegistration.java:138) ~[spring-cloud-commons-2.1.4.RELEASE.jar:2.1.4.RELEASE]
	at org.springframework.cloud.client.serviceregistry.AbstractAutoServiceRegistration.bind(AbstractAutoServiceRegistration.java:101) ~[spring-cloud-commons-2.1.4.RELEASE.jar:2.1.4.RELEASE]
	at org.springframework.cloud.client.serviceregistry.AbstractAutoServiceRegistration.onApplicationEvent(AbstractAutoServiceRegistration.java:88) ~[spring-cloud-commons-2.1.4.RELEASE.jar:2.1.4.RELEASE]
	at org.springframework.cloud.client.serviceregistry.AbstractAutoServiceRegistration.onApplicationEvent(AbstractAutoServiceRegistration.java:47) ~[spring-cloud-commons-2.1.4.RELEASE.jar:2.1.4.RELEASE]
	at org.springframework.context.event.SimpleApplicationEventMulticaster.doInvokeListener(SimpleApplicationEventMulticaster.java:172) ~[spring-context-5.1.10.RELEASE.jar:5.1.10.RELEASE]
	at org.springframework.context.event.SimpleApplicationEventMulticaster.invokeListener(SimpleApplicationEventMulticaster.java:165) ~[spring-context-5.1.10.RELEASE.jar:5.1.10.RELEASE]
	at org.springframework.context.event.SimpleApplicationEventMulticaster.multicastEvent(SimpleApplicationEventMulticaster.java:139) ~[spring-context-5.1.10.RELEASE.jar:5.1.10.RELEASE]
	at org.springframework.context.support.AbstractApplicationContext.publishEvent(AbstractApplicationContext.java:402) ~[spring-context-5.1.10.RELEASE.jar:5.1.10.RELEASE]
	at org.springframework.context.support.AbstractApplicationContext.publishEvent(AbstractApplicationContext.java:359) ~[spring-context-5.1.10.RELEASE.jar:5.1.10.RELEASE]
	at org.springframework.boot.web.servlet.context.ServletWebServerApplicationContext.finishRefresh(ServletWebServerApplicationContext.java:165) ~[spring-boot-2.1.9.RELEASE.jar:2.1.9.RELEASE]
	at org.springframework.context.support.AbstractApplicationContext.refresh(AbstractApplicationContext.java:552) ~[spring-context-5.1.10.RELEASE.jar:5.1.10.RELEASE]
	at org.springframework.boot.web.servlet.context.ServletWebServerApplicationContext.refresh(ServletWebServerApplicationContext.java:141) ~[spring-boot-2.1.9.RELEASE.jar:2.1.9.RELEASE]
	at org.springframework.boot.SpringApplication.refresh(SpringApplication.java:744) ~[spring-boot-2.1.9.RELEASE.jar:2.1.9.RELEASE]
	at org.springframework.boot.SpringApplication.refreshContext(SpringApplication.java:391) ~[spring-boot-2.1.9.RELEASE.jar:2.1.9.RELEASE]
	at org.springframework.boot.SpringApplication.run(SpringApplication.java:312) ~[spring-boot-2.1.9.RELEASE.jar:2.1.9.RELEASE]
	at cn.sunline.adp.boot.cedar.CedarMain.main(CedarMain.java:71) ~[adp-boot-starter-4.1.1-zxbank-M7.9.jar:4.1.1-zxbank-M7.9]
	at cn.sunline.edsp.adp.boot.CardApplication.main(CardApplication.java:10) ~[classes/:?]
[INFO ][09:21:48,401][main][ ][cn.sunline.adp.cedar.base.listener.SystemParamListener:49][系统选项=[{pm=true, pl=3, ct=false, cibp=true, upp=true, dps=20000, io=log,odb,ognl,bean,pack,enum,dataMapping,db, rcc=true, dl=true, imof=false}] ]
[INFO ][09:21:48,415][main][ ][cn.sunline.adp.metadata.starter.listener.MetadataAdpListener:76][Prepare to initialize the component of model management ]
[INFO ][09:21:48,723][main][ ][cn.sunline.adp.metadata.starter.listener.MetadataAdpListener:83][Prepare to load the file of core model configuration ]
[INFO ][09:21:49,752][main][ ][cn.sunline.adp.metadata.loader.util.ModelManager:76][Start loading model group：基础配置]
[INFO ][09:21:49,753][main][ ][cn.sunline.adp.metadata.loader.util.ModelManager:152][Start loading model：datatype[数据类型]]
[DEBUG][09:21:49,756][main][ ][cn.sunline.adp.metadata.loader.xml.XmlEntityOdbEntityDao:131][load file:URL [jar:file:/F:/repository/cn/sunline/adp/adp-cedar-base/4.1.1-zxbank-M7.9/adp-cedar-base-4.1.1-zxbank-M7.9.jar!/datatype/KBaseEnumType.e_schema.xml]]
[DEBUG][09:21:49,769][main][ ][cn.sunline.adp.metadata.loader.xml.XmlEntityOdbEntityDao:131][load file:URL [jar:file:/F:/repository/cn/sunline/adp/adp-cedar-base/4.1.1-zxbank-M7.9/adp-cedar-base-4.1.1-zxbank-M7.9.jar!/datatype/KBaseType.u_schema.xml]]
[INFO ][09:21:49,914][main][ ][cn.sunline.adp.metadata.loader.util.ModelManager:157][Finish loading model[0.161s][2]：datatype[数据类型]]
[INFO ][09:21:49,914][main][ ][cn.sunline.adp.metadata.loader.util.ModelManager:152][Start loading model：dict[数据字典]]
[DEBUG][09:21:49,917][main][ ][cn.sunline.adp.metadata.loader.xml.XmlEntityOdbEntityDao:131][load file:file [F:\adp4.1\adp-credit-demo\adp-server-sys\target\classes\dict\AtDict.d_schema.xml]]
[DEBUG][09:21:50,225][main][ ][cn.sunline.adp.metadata.loader.xml.XmlEntityOdbEntityDao:131][load file:URL [jar:file:/F:/repository/cn/sunline/adp/adp-cedar-base/4.1.1-zxbank-M7.9/adp-cedar-base-4.1.1-zxbank-M7.9.jar!/dict/KsDict.d_schema.xml]]
[DEBUG][09:21:50,232][main][ ][cn.sunline.adp.metadata.loader.xml.XmlEntityOdbEntityDao:131][load file:URL [jar:file:/F:/repository/cn/sunline/adp/adp-cedar-base/4.1.1-zxbank-M7.9/adp-cedar-base-4.1.1-zxbank-M7.9.jar!/dict/SPDict.d_schema.xml]]
[DEBUG][09:21:50,235][main][ ][cn.sunline.adp.metadata.loader.xml.XmlEntityOdbEntityDao:131][load file:URL [jar:file:/F:/repository/cn/sunline/adp/adp-cedar-txc-core/4.1.1-zxbank-M7.9/adp-cedar-txc-core-4.1.1-zxbank-M7.9.jar!/dict/TxcDict.d_schema.xml]]
[DEBUG][09:21:50,238][main][ ][cn.sunline.adp.metadata.loader.xml.XmlEntityOdbEntityDao:131][load file:URL [jar:file:/F:/repository/cn/sunline/adp/adp-cedar-param-sync/4.1.1-zxbank-M7.9/adp-cedar-param-sync-4.1.1-zxbank-M7.9.jar!/dict/SyncParamDict.d_schema.xml]]
[INFO ][09:21:50,269][main][ ][cn.sunline.adp.metadata.loader.util.ModelManager:157][Finish loading model[0.355s][5]：dict[数据字典]]
[INFO ][09:21:50,269][main][ ][cn.sunline.adp.metadata.loader.util.ModelManager:152][Start loading model：type[复合类型]]
[DEBUG][09:21:50,273][main][ ][cn.sunline.adp.metadata.loader.xml.XmlEntityOdbEntityDao:131][load file:file [F:\adp4.1\adp-credit-demo\adp-server-sys\target\classes\type\AtComplex.c_schema.xml]]
[DEBUG][09:21:50,891][main][ ][cn.sunline.adp.metadata.loader.xml.XmlEntityOdbEntityDao:131][load file:file [F:\adp4.1\adp-credit-demo\adp-server-sys\target\classes\type\BasicEnumType.e_schema.xml]]
[DEBUG][09:21:50,909][main][ ][cn.sunline.adp.metadata.loader.xml.XmlEntityOdbEntityDao:131][load file:file [F:\adp4.1\adp-credit-demo\adp-server-sys\target\classes\type\BasicType.u_schema.xml]]
[DEBUG][09:21:50,958][main][ ][cn.sunline.adp.metadata.loader.xml.XmlEntityOdbEntityDao:131][load file:URL [jar:file:/F:/repository/cn/sunline/adp/adp-cedar-base/4.1.1-zxbank-M7.9/adp-cedar-base-4.1.1-zxbank-M7.9.jar!/type/SPEnumType.e_schema.xml]]
[DEBUG][09:21:50,961][main][ ][cn.sunline.adp.metadata.loader.xml.XmlEntityOdbEntityDao:131][load file:URL [jar:file:/F:/repository/cn/sunline/adp/adp-cedar-base/4.1.1-zxbank-M7.9/adp-cedar-base-4.1.1-zxbank-M7.9.jar!/type/SPType.u_schema.xml]]
[DEBUG][09:21:50,963][main][ ][cn.sunline.adp.metadata.loader.xml.XmlEntityOdbEntityDao:131][load file:URL [jar:file:/F:/repository/cn/sunline/adp/transport/adp-transport-rocketmq/4.1.1-zxbank-M7.9/adp-transport-rocketmq-4.1.1-zxbank-M7.9.jar!/type/RocketMQProtocolPluginEnumDef.e_schema.xml]]
[DEBUG][09:21:50,964][main][ ][cn.sunline.adp.metadata.loader.xml.XmlEntityOdbEntityDao:131][load file:URL [jar:file:/F:/repository/cn/sunline/adp/adp-cedar-server-batch/4.1.1-zxbank-M7.9/adp-cedar-server-batch-4.1.1-zxbank-M7.9.jar!/type/BatchComplex.c_schema.xml]]
[DEBUG][09:21:50,966][main][ ][cn.sunline.adp.metadata.loader.xml.XmlEntityOdbEntityDao:131][load file:URL [jar:file:/F:/repository/cn/sunline/adp/adp-cedar-server-batch/4.1.1-zxbank-M7.9/adp-cedar-server-batch-4.1.1-zxbank-M7.9.jar!/type/BatchEnum.e_schema.xml]]
[DEBUG][09:21:50,969][main][ ][cn.sunline.adp.metadata.loader.xml.XmlEntityOdbEntityDao:131][load file:URL [jar:file:/F:/repository/cn/sunline/adp/adp-cedar-busi-sdk/4.1.1-zxbank-M7.9/adp-cedar-busi-sdk-4.1.1-zxbank-M7.9.jar!/type/CompTypes.c_schema.xml]]
[DEBUG][09:21:50,971][main][ ][cn.sunline.adp.metadata.loader.xml.XmlEntityOdbEntityDao:131][load file:URL [jar:file:/F:/repository/cn/sunline/adp/adp-cedar-txc-core/4.1.1-zxbank-M7.9/adp-cedar-txc-core-4.1.1-zxbank-M7.9.jar!/type/TxcBasicType.u_schema.xml]]
[DEBUG][09:21:50,973][main][ ][cn.sunline.adp.metadata.loader.xml.XmlEntityOdbEntityDao:131][load file:URL [jar:file:/F:/repository/cn/sunline/adp/adp-cedar-txc-core/4.1.1-zxbank-M7.9/adp-cedar-txc-core-4.1.1-zxbank-M7.9.jar!/type/TxcModel.c_schema.xml]]
[DEBUG][09:21:50,975][main][ ][cn.sunline.adp.metadata.loader.xml.XmlEntityOdbEntityDao:131][load file:URL [jar:file:/F:/repository/cn/sunline/adp/adp-cedar-custom-comm/4.1.1-zxbank-M7.9/adp-cedar-custom-comm-4.1.1-zxbank-M7.9.jar!/type/DayEndBatchType.c_schema.xml]]
[DEBUG][09:21:50,977][main][ ][cn.sunline.adp.metadata.loader.xml.XmlEntityOdbEntityDao:131][load file:URL [jar:file:/F:/repository/cn/sunline/adp/adp-cedar-custom-comm/4.1.1-zxbank-M7.9/adp-cedar-custom-comm-4.1.1-zxbank-M7.9.jar!/type/FileProcessor.c_schema.xml]]
[DEBUG][09:21:50,979][main][ ][cn.sunline.adp.metadata.loader.xml.XmlEntityOdbEntityDao:131][load file:URL [jar:file:/F:/repository/cn/sunline/adp/adp-cedar-custom-comm/4.1.1-zxbank-M7.9/adp-cedar-custom-comm-4.1.1-zxbank-M7.9.jar!/type/TestComplex.c_schema.xml]]
[DEBUG][09:21:50,981][main][ ][cn.sunline.adp.metadata.loader.xml.XmlEntityOdbEntityDao:131][load file:URL [jar:file:/F:/repository/cn/sunline/adp/adp-cedar-param-sync/4.1.1-zxbank-M7.9/adp-cedar-param-sync-4.1.1-zxbank-M7.9.jar!/type/ParamSyncGovernor.c_schema.xml]]
[DEBUG][09:21:50,984][main][ ][cn.sunline.adp.metadata.loader.xml.XmlEntityOdbEntityDao:131][load file:URL [jar:file:/F:/repository/cn/sunline/adp/adp-cedar-param-sync/4.1.1-zxbank-M7.9/adp-cedar-param-sync-4.1.1-zxbank-M7.9.jar!/type/SyncParamEnum.e_schema.xml]]
[INFO ][09:21:50,997][main][ ][cn.sunline.adp.metadata.loader.util.ModelManager:157][Finish loading model[0.728s][16]：type[复合类型]]
[INFO ][09:21:50,997][main][ ][cn.sunline.adp.metadata.loader.util.ModelManager:152][Start loading model：dbtable[表结构]]
[DEBUG][09:21:51,003][main][ ][cn.sunline.adp.metadata.loader.xml.XmlEntityOdbEntityDao:131][load file:file [F:\adp4.1\adp-credit-demo\adp-server-sys\target\classes\tables\AtTable.tables.xml]]
[DEBUG][09:21:51,025][main][ ][cn.sunline.adp.metadata.loader.xml.XmlEntityOdbEntityDao:131][load file:URL [jar:file:/F:/repository/cn/sunline/adp/adp-cedar-base/4.1.1-zxbank-M7.9/adp-cedar-base-4.1.1-zxbank-M7.9.jar!/tables/KSysCommFieldTable.tables.xml]]
[DEBUG][09:21:51,027][main][ ][cn.sunline.adp.metadata.loader.xml.XmlEntityOdbEntityDao:131][load file:URL [jar:file:/F:/repository/cn/sunline/adp/adp-cedar-base/4.1.1-zxbank-M7.9/adp-cedar-base-4.1.1-zxbank-M7.9.jar!/tables/KSysSequenceDefineTable.tables.xml]]
[DEBUG][09:21:51,030][main][ ][cn.sunline.adp.metadata.loader.xml.XmlEntityOdbEntityDao:131][load file:URL [jar:file:/F:/repository/cn/sunline/adp/adp-cedar-server-online/4.1.1-zxbank-M7.9/adp-cedar-server-online-4.1.1-zxbank-M7.9.jar!/tables/ServerOnlineTable.tables.xml]]
[DEBUG][09:21:51,034][main][ ][cn.sunline.adp.metadata.loader.xml.XmlEntityOdbEntityDao:131][load file:URL [jar:file:/F:/repository/cn/sunline/adp/adp-cedar-server-batch/4.1.1-zxbank-M7.9/adp-cedar-server-batch-4.1.1-zxbank-M7.9.jar!/tables/KSysBatchTable.tables.xml]]
[DEBUG][09:21:51,042][main][ ][cn.sunline.adp.metadata.loader.xml.XmlEntityOdbEntityDao:131][load file:URL [jar:file:/F:/repository/cn/sunline/adp/service/adp-service-core/4.1.1-zxbank-M7.9/adp-service-core-4.1.1-zxbank-M7.9.jar!/tables/ServerTable.tables.xml]]
[DEBUG][09:21:51,045][main][ ][cn.sunline.adp.metadata.loader.xml.XmlEntityOdbEntityDao:131][load file:URL [jar:file:/F:/repository/cn/sunline/adp/service/adp-service-remote/4.1.1-zxbank-M7.9/adp-service-remote-4.1.1-zxbank-M7.9.jar!/tables/RemoteServiceTable.tables.xml]]
[DEBUG][09:21:51,048][main][ ][cn.sunline.adp.metadata.loader.xml.XmlEntityOdbEntityDao:131][load file:URL [jar:file:/F:/repository/cn/sunline/adp/service/adp-service-async/4.1.1-zxbank-M7.9/adp-service-async-4.1.1-zxbank-M7.9.jar!/tables/AsyncServiceTable.tables.xml]]
[DEBUG][09:21:51,051][main][ ][cn.sunline.adp.metadata.loader.xml.XmlEntityOdbEntityDao:131][load file:URL [jar:file:/F:/repository/cn/sunline/adp/service/adp-service-router-db/4.1.1-zxbank-M7.9/adp-service-router-db-4.1.1-zxbank-M7.9.jar!/tables/KSysShardingTable.tables.xml]]
[DEBUG][09:21:51,054][main][ ][cn.sunline.adp.metadata.loader.xml.XmlEntityOdbEntityDao:131][load file:URL [jar:file:/F:/repository/cn/sunline/adp/adp-cedar-txc-core/4.1.1-zxbank-M7.9/adp-cedar-txc-core-4.1.1-zxbank-M7.9.jar!/tables/TxcModelTable.tables.xml]]
[DEBUG][09:21:51,056][main][ ][cn.sunline.adp.metadata.loader.xml.XmlEntityOdbEntityDao:131][load file:URL [jar:file:/F:/repository/cn/sunline/adp/adp-cedar-custom-comm/4.1.1-zxbank-M7.9/adp-cedar-custom-comm-4.1.1-zxbank-M7.9.jar!/tables/KSysControl.tables.xml]]
[DEBUG][09:21:51,058][main][ ][cn.sunline.adp.metadata.loader.xml.XmlEntityOdbEntityDao:131][load file:URL [jar:file:/F:/repository/cn/sunline/adp/adp-cedar-custom-comm/4.1.1-zxbank-M7.9/adp-cedar-custom-comm-4.1.1-zxbank-M7.9.jar!/tables/KSysServiceTable.tables.xml]]
[DEBUG][09:21:51,061][main][ ][cn.sunline.adp.metadata.loader.xml.XmlEntityOdbEntityDao:131][load file:URL [jar:file:/F:/repository/cn/sunline/adp/adp-cedar-custom-comm/4.1.1-zxbank-M7.9/adp-cedar-custom-comm-4.1.1-zxbank-M7.9.jar!/tables/Service.tables.xml]]
[DEBUG][09:21:51,062][main][ ][cn.sunline.adp.metadata.loader.xml.XmlEntityOdbEntityDao:131][load file:URL [jar:file:/F:/repository/cn/sunline/adp/adp-cedar-param-sync/4.1.1-zxbank-M7.9/adp-cedar-param-sync-4.1.1-zxbank-M7.9.jar!/tables/SyncParamTable.tables.xml]]
[DEBUG][09:21:51,065][main][ ][cn.sunline.adp.metadata.loader.xml.XmlEntityOdbEntityDao:131][load file:URL [jar:file:/F:/repository/cn/sunline/adp/metadata/adp-metadata-loader-remote/4.1.1-zxbank-M7.9/adp-metadata-loader-remote-4.1.1-zxbank-M7.9.jar!/tables/KSysOnlTable.tables.xml]]
[INFO ][09:21:51,214][main][ ][cn.sunline.adp.metadata.loader.util.ModelManager:157][Finish loading model[0.217s][15]：dbtable[表结构]]
[INFO ][09:21:51,214][main][ ][cn.sunline.adp.metadata.loader.util.ModelManager:152][Start loading model：param[参数模型]]
[DEBUG][09:21:51,215][main][ ][cn.sunline.adp.metadata.loader.xml.XmlEntityOdbEntityDao:131][load file:file [F:\adp4.1\adp-credit-demo\adp-server-sys\target\classes\parm\TrxEnvs.parms.xml]]
[INFO ][09:21:51,229][main][ ][cn.sunline.adp.metadata.loader.util.ModelManager:157][Finish loading model[0.015s][1]：param[参数模型]]
[INFO ][09:21:51,229][main][ ][cn.sunline.adp.metadata.loader.util.ModelManager:152][Start loading model：sharding[分片策略]]
[INFO ][09:21:51,229][main][ ][cn.sunline.adp.metadata.loader.util.ModelManager:157][Finish loading model[0.0s][0]：sharding[分片策略]]
[INFO ][09:21:51,230][main][ ][cn.sunline.adp.metadata.loader.util.ModelManager:88][Finish loading model group[1.478s][39]：基础配置]
[INFO ][09:21:51,230][main][ ][cn.sunline.adp.metadata.loader.util.ModelManager:98][Start resolving model group：基础配置]
[INFO ][09:21:51,230][main][ ][cn.sunline.adp.metadata.loader.util.ModelManager:152][Start resolving model：datatype[数据类型]]
[INFO ][09:21:51,320][main][ ][cn.sunline.adp.metadata.loader.util.ModelManager:157][Finish resolving model[0.09s][39]：datatype[数据类型]]
[INFO ][09:21:51,320][main][ ][cn.sunline.adp.metadata.loader.util.ModelManager:152][Start resolving model：dict[数据字典]]
[INFO ][09:21:51,320][main][ ][cn.sunline.adp.metadata.loader.util.ModelManager:157][Finish resolving model[0.0s][39]：dict[数据字典]]
[INFO ][09:21:51,321][main][ ][cn.sunline.adp.metadata.loader.util.ModelManager:152][Start resolving model：type[复合类型]]
[INFO ][09:21:51,321][main][ ][cn.sunline.adp.metadata.loader.util.ModelManager:157][Finish resolving model[0.0s][39]：type[复合类型]]
[INFO ][09:21:51,321][main][ ][cn.sunline.adp.metadata.loader.util.ModelManager:152][Start resolving model：dbtable[表结构]]
[INFO ][09:21:51,321][main][ ][cn.sunline.adp.metadata.loader.util.ModelManager:157][Finish resolving model[0.0s][39]：dbtable[表结构]]
[INFO ][09:21:51,321][main][ ][cn.sunline.adp.metadata.loader.util.ModelManager:152][Start resolving model：param[参数模型]]
[INFO ][09:21:51,321][main][ ][cn.sunline.adp.metadata.loader.util.ModelManager:157][Finish resolving model[0.0s][39]：param[参数模型]]
[INFO ][09:21:51,321][main][ ][cn.sunline.adp.metadata.loader.util.ModelManager:152][Start resolving model：sharding[分片策略]]
[INFO ][09:21:51,321][main][ ][cn.sunline.adp.metadata.loader.util.ModelManager:157][Finish resolving model[0.0s][0]：sharding[分片策略]]
[INFO ][09:21:51,321][main][ ][cn.sunline.adp.metadata.loader.util.ModelManager:103][Finish resolving model group[0.091s][195]：基础配置]
[INFO ][09:21:51,322][main][ ][cn.sunline.adp.metadata.loader.util.ModelManager:76][Start loading model group：全局错误码配置]
[INFO ][09:21:51,322][main][ ][cn.sunline.adp.metadata.loader.util.ModelManager:152][Start loading model：error[全局错误码]]
[DEBUG][09:21:51,328][main][ ][cn.sunline.adp.metadata.loader.xml.XmlEntityOdbEntityDao:131][load file:file [F:\adp4.1\adp-credit-demo\adp-server-sys\target\classes\errors\AtErrorDef.error.xml]]
[DEBUG][09:21:51,339][main][ ][cn.sunline.adp.metadata.loader.xml.XmlEntityOdbEntityDao:131][load file:URL [jar:file:/F:/repository/cn/sunline/adp/adp-cedar-base/4.1.1-zxbank-M7.9/adp-cedar-base-4.1.1-zxbank-M7.9.jar!/errors/CorePluginErrorDef.error.xml]]
[DEBUG][09:21:51,342][main][ ][cn.sunline.adp.metadata.loader.xml.XmlEntityOdbEntityDao:131][load file:URL [jar:file:/F:/repository/cn/sunline/adp/transport/adp-transport-http/4.1.1-zxbank-M7.9/adp-transport-http-4.1.1-zxbank-M7.9.jar!/errors/HttpProtocolPluginErrorsDef.error.xml]]
[DEBUG][09:21:51,343][main][ ][cn.sunline.adp.metadata.loader.xml.XmlEntityOdbEntityDao:131][load file:URL [jar:file:/F:/repository/cn/sunline/adp/transport/adp-transport-rpc/4.1.1-zxbank-M7.9/adp-transport-rpc-4.1.1-zxbank-M7.9.jar!/errors/RPCProtocolErrors.error.xml]]
[DEBUG][09:21:51,345][main][ ][cn.sunline.adp.metadata.loader.xml.XmlEntityOdbEntityDao:131][load file:URL [jar:file:/F:/repository/cn/sunline/adp/transport/adp-transport-rest/4.1.1-zxbank-M7.9/adp-transport-rest-4.1.1-zxbank-M7.9.jar!/errors/RestProtocolPluginErrorsDef.error.xml]]
[DEBUG][09:21:51,346][main][ ][cn.sunline.adp.metadata.loader.xml.XmlEntityOdbEntityDao:131][load file:URL [jar:file:/F:/repository/cn/sunline/adp/transport/adp-transport-tcp/4.1.1-zxbank-M7.9/adp-transport-tcp-4.1.1-zxbank-M7.9.jar!/errors/TCPProtocolPluginErrorsDef.error.xml]]
[DEBUG][09:21:51,347][main][ ][cn.sunline.adp.metadata.loader.xml.XmlEntityOdbEntityDao:131][load file:URL [jar:file:/F:/repository/cn/sunline/adp/transport/adp-transport-rocketmq/4.1.1-zxbank-M7.9/adp-transport-rocketmq-4.1.1-zxbank-M7.9.jar!/errors/RocketMQProtocolPluginErrorsDef.error.xml]]
[DEBUG][09:21:51,349][main][ ][cn.sunline.adp.metadata.loader.xml.XmlEntityOdbEntityDao:131][load file:URL [jar:file:/F:/repository/cn/sunline/adp/adp-cedar-engine-online/4.1.1-zxbank-M7.9/adp-cedar-engine-online-4.1.1-zxbank-M7.9.jar!/errors/OnlineEngineErrorDef.error.xml]]
[DEBUG][09:21:51,350][main][ ][cn.sunline.adp.metadata.loader.xml.XmlEntityOdbEntityDao:131][load file:URL [jar:file:/F:/repository/cn/sunline/adp/adp-cedar-flowbpl/4.1.1-zxbank-M7.9/adp-cedar-flowbpl-4.1.1-zxbank-M7.9.jar!/errors/FlowBplErrorDefine.error.xml]]
[DEBUG][09:21:51,352][main][ ][cn.sunline.adp.metadata.loader.xml.XmlEntityOdbEntityDao:131][load file:URL [jar:file:/F:/repository/cn/sunline/adp/adp-cedar-server-online/4.1.1-zxbank-M7.9/adp-cedar-server-online-4.1.1-zxbank-M7.9.jar!/errors/OnlineServerErrorDefine.error.xml]]
[DEBUG][09:21:51,354][main][ ][cn.sunline.adp.metadata.loader.xml.XmlEntityOdbEntityDao:131][load file:URL [jar:file:/F:/repository/cn/sunline/adp/adp-cedar-server-batch/4.1.1-zxbank-M7.9/adp-cedar-server-batch-4.1.1-zxbank-M7.9.jar!/errors/EngineBatchPluginErrorDef.error.xml]]
[DEBUG][09:21:51,358][main][ ][cn.sunline.adp.metadata.loader.xml.XmlEntityOdbEntityDao:131][load file:URL [jar:file:/F:/repository/cn/sunline/adp/adp-cedar-service-flow/4.1.1-zxbank-M7.9/adp-cedar-service-flow-4.1.1-zxbank-M7.9.jar!/errors/ServiceFlowErrorDefine.error.xml]]
[DEBUG][09:21:51,359][main][ ][cn.sunline.adp.metadata.loader.xml.XmlEntityOdbEntityDao:131][load file:URL [jar:file:/F:/repository/cn/sunline/adp/adp-cedar-flowtran/4.1.1-zxbank-M7.9/adp-cedar-flowtran-4.1.1-zxbank-M7.9.jar!/errors/FlowTranErrorDef.error.xml]]
[DEBUG][09:21:51,361][main][ ][cn.sunline.adp.metadata.loader.xml.XmlEntityOdbEntityDao:131][load file:URL [jar:file:/F:/repository/cn/sunline/adp/service/adp-service-core/4.1.1-zxbank-M7.9/adp-service-core-4.1.1-zxbank-M7.9.jar!/errors/ServiceTypePluginErrorDef.error.xml]]
[DEBUG][09:21:51,363][main][ ][cn.sunline.adp.metadata.loader.xml.XmlEntityOdbEntityDao:131][load file:URL [jar:file:/F:/repository/cn/sunline/adp/service/adp-service-remote/4.1.1-zxbank-M7.9/adp-service-remote-4.1.1-zxbank-M7.9.jar!/errors/RemoteServiceErrorDef.error.xml]]
[DEBUG][09:21:51,365][main][ ][cn.sunline.adp.metadata.loader.xml.XmlEntityOdbEntityDao:131][load file:URL [jar:file:/F:/repository/cn/sunline/adp/service/adp-service-async/4.1.1-zxbank-M7.9/adp-service-async-4.1.1-zxbank-M7.9.jar!/errors/AsyncServicePluginErrorDef.error.xml]]
[DEBUG][09:21:51,367][main][ ][cn.sunline.adp.metadata.loader.xml.XmlEntityOdbEntityDao:131][load file:URL [jar:file:/F:/repository/cn/sunline/adp/service/adp-service-router-drs/4.1.1-zxbank-M7.9/adp-service-router-drs-4.1.1-zxbank-M7.9.jar!/errors/RouteErrorDef.error.xml]]
[DEBUG][09:21:51,368][main][ ][cn.sunline.adp.metadata.loader.xml.XmlEntityOdbEntityDao:131][load file:URL [jar:file:/F:/repository/cn/sunline/adp/service/adp-service-router-db/4.1.1-zxbank-M7.9/adp-service-router-db-4.1.1-zxbank-M7.9.jar!/errors/RouteDBErrorDef.error.xml]]
[DEBUG][09:21:51,370][main][ ][cn.sunline.adp.metadata.loader.xml.XmlEntityOdbEntityDao:131][load file:URL [jar:file:/F:/repository/cn/sunline/adp/adp-cedar-busi-sdk/4.1.1-zxbank-M7.9/adp-cedar-busi-sdk-4.1.1-zxbank-M7.9.jar!/errors/BusiSDKErrorDef.error.xml]]
[DEBUG][09:21:51,371][main][ ][cn.sunline.adp.metadata.loader.xml.XmlEntityOdbEntityDao:131][load file:URL [jar:file:/F:/repository/cn/sunline/adp/adp-cedar-txc/4.1.1-zxbank-M7.9/adp-cedar-txc-4.1.1-zxbank-M7.9.jar!/errors/TXCPluginErrorDef.error.xml]]
[DEBUG][09:21:51,372][main][ ][cn.sunline.adp.metadata.loader.xml.XmlEntityOdbEntityDao:131][load file:URL [jar:file:/F:/repository/cn/sunline/adp/adp-cedar-custom-comm/4.1.1-zxbank-M7.9/adp-cedar-custom-comm-4.1.1-zxbank-M7.9.jar!/errors/CustomCommPluginErrorDef.error.xml]]
[DEBUG][09:21:51,374][main][ ][cn.sunline.adp.metadata.loader.xml.XmlEntityOdbEntityDao:131][load file:URL [jar:file:/F:/repository/cn/sunline/adp/adp-cedar-net-tcp/4.1.1-zxbank-M7.9/adp-cedar-net-tcp-4.1.1-zxbank-M7.9.jar!/errors/AccessTCPPluginErrorDef.error.xml]]
[DEBUG][09:21:51,376][main][ ][cn.sunline.adp.metadata.loader.xml.XmlEntityOdbEntityDao:131][load file:URL [jar:file:/F:/repository/cn/sunline/adp/adp-cedar-param-sync/4.1.1-zxbank-M7.9/adp-cedar-param-sync-4.1.1-zxbank-M7.9.jar!/errors/ParamSyncErrorDef.error.xml]]
[DEBUG][09:21:51,378][main][ ][cn.sunline.adp.metadata.loader.xml.XmlEntityOdbEntityDao:131][load file:URL [jar:file:/F:/repository/cn/sunline/adp/dao/adp-dao-datasource/4.1.1-zxbank-M7.9/adp-dao-datasource-4.1.1-zxbank-M7.9.jar!/errors/DataSourceErrors.error.xml]]
[INFO ][09:21:51,393][main][ ][cn.sunline.adp.metadata.loader.util.ModelManager:157][Finish loading model[0.071s][24]：error[全局错误码]]
[INFO ][09:21:51,393][main][ ][cn.sunline.adp.metadata.loader.util.ModelManager:88][Finish loading model group[0.071s][24]：全局错误码配置]
[INFO ][09:21:51,393][main][ ][cn.sunline.adp.metadata.loader.util.ModelManager:98][Start resolving model group：全局错误码配置]
[INFO ][09:21:51,393][main][ ][cn.sunline.adp.metadata.loader.util.ModelManager:152][Start resolving model：error[全局错误码]]
[INFO ][09:21:51,395][main][ ][cn.sunline.adp.metadata.loader.util.ModelManager:157][Finish resolving model[0.002s][24]：error[全局错误码]]
[INFO ][09:21:51,395][main][ ][cn.sunline.adp.metadata.loader.util.ModelManager:103][Finish resolving model group[0.002s][24]：全局错误码配置]
[INFO ][09:21:51,396][main][ ][cn.sunline.adp.metadata.loader.util.ModelManager:76][Start loading model group：命名SQL配置]
[INFO ][09:21:51,396][main][ ][cn.sunline.adp.metadata.loader.util.ModelManager:152][Start loading model：namedsql[命名SQL]]
[DEBUG][09:21:51,399][main][ ][cn.sunline.adp.metadata.loader.xml.XmlEntityOdbEntityDao:131][load file:file [F:\adp4.1\adp-credit-demo\adp-server-sys\target\classes\namedsql\AtNsql.nsql.xml]]
[DEBUG][09:21:51,401][main][ ][cn.sunline.adp.metadata.loader.xml.XmlEntityOdbEntityDao:131][load file:URL [jar:file:/F:/repository/cn/sunline/adp/adp-cedar-server-batch/4.1.1-zxbank-M7.9/adp-cedar-server-batch-4.1.1-zxbank-M7.9.jar!/namedsql/SyDistributedBatch.nsql.xml]]
[DEBUG][09:21:51,403][main][ ][cn.sunline.adp.metadata.loader.xml.XmlEntityOdbEntityDao:131][load file:URL [jar:file:/F:/repository/cn/sunline/adp/adp-cedar-server-batch/4.1.1-zxbank-M7.9/adp-cedar-server-batch-4.1.1-zxbank-M7.9.jar!/namedsql/SysBatch.nsql.xml]]
[DEBUG][09:21:51,408][main][ ][cn.sunline.adp.metadata.loader.xml.XmlEntityOdbEntityDao:131][load file:URL [jar:file:/F:/repository/cn/sunline/adp/service/adp-service-remote/4.1.1-zxbank-M7.9/adp-service-remote-4.1.1-zxbank-M7.9.jar!/namedsql/RemoteServiceNsql.nsql.xml]]
[DEBUG][09:21:51,409][main][ ][cn.sunline.adp.metadata.loader.xml.XmlEntityOdbEntityDao:131][load file:URL [jar:file:/F:/repository/cn/sunline/adp/service/adp-service-async/4.1.1-zxbank-M7.9/adp-service-async-4.1.1-zxbank-M7.9.jar!/namedsql/AsyncServiceNsql.nsql.xml]]
[DEBUG][09:21:51,412][main][ ][cn.sunline.adp.metadata.loader.xml.XmlEntityOdbEntityDao:131][load file:URL [jar:file:/F:/repository/cn/sunline/adp/adp-cedar-busi-sdk/4.1.1-zxbank-M7.9/adp-cedar-busi-sdk-4.1.1-zxbank-M7.9.jar!/namedsql/tran.namedsql.xml]]
[DEBUG][09:21:51,413][main][ ][cn.sunline.adp.metadata.loader.xml.XmlEntityOdbEntityDao:131][load file:URL [jar:file:/F:/repository/cn/sunline/adp/adp-cedar-txc-core/4.1.1-zxbank-M7.9/adp-cedar-txc-core-4.1.1-zxbank-M7.9.jar!/namedsql/TxcGlobal.nsql.xml]]
[DEBUG][09:21:51,418][main][ ][cn.sunline.adp.metadata.loader.xml.XmlEntityOdbEntityDao:131][load file:URL [jar:file:/F:/repository/cn/sunline/adp/adp-cedar-txc-core/4.1.1-zxbank-M7.9/adp-cedar-txc-core-4.1.1-zxbank-M7.9.jar!/namedsql/TxcBranch.nsql.xml]]
[DEBUG][09:21:51,421][main][ ][cn.sunline.adp.metadata.loader.xml.XmlEntityOdbEntityDao:131][load file:URL [jar:file:/F:/repository/cn/sunline/adp/adp-cedar-param-sync/4.1.1-zxbank-M7.9/adp-cedar-param-sync-4.1.1-zxbank-M7.9.jar!/namedsql/SyncParamService.nsql.xml]]
[DEBUG][09:21:51,424][main][ ][cn.sunline.adp.metadata.loader.xml.XmlEntityOdbEntityDao:131][load file:URL [jar:file:/F:/repository/cn/sunline/adp/metadata/adp-metadata-loader-remote/4.1.1-zxbank-M7.9/adp-metadata-loader-remote-4.1.1-zxbank-M7.9.jar!/namedsql/KSysCommParam.nsql.xml]]
[INFO ][09:21:51,497][main][ ][cn.sunline.adp.metadata.loader.util.ModelManager:157][Finish loading model[0.101s][10]：namedsql[命名SQL]]
[INFO ][09:21:51,498][main][ ][cn.sunline.adp.metadata.loader.util.ModelManager:88][Finish loading model group[0.102s][10]：命名SQL配置]
[INFO ][09:21:51,498][main][ ][cn.sunline.adp.metadata.loader.util.ModelManager:98][Start resolving model group：命名SQL配置]
[INFO ][09:21:51,498][main][ ][cn.sunline.adp.metadata.loader.util.ModelManager:152][Start resolving model：namedsql[命名SQL]]
[INFO ][09:21:51,507][main][ ][cn.sunline.adp.metadata.loader.util.ModelManager:157][Finish resolving model[0.009s][10]：namedsql[命名SQL]]
[INFO ][09:21:51,507][main][ ][cn.sunline.adp.metadata.loader.util.ModelManager:103][Finish resolving model group[0.009s][10]：命名SQL配置]
[INFO ][09:21:51,508][main][ ][cn.sunline.adp.metadata.loader.util.ModelManager:76][Start loading model group：组件配置]
[INFO ][09:21:51,508][main][ ][cn.sunline.adp.metadata.loader.util.ModelManager:152][Start loading model：component[组件配置]]
[DEBUG][09:21:51,510][main][ ][cn.sunline.adp.metadata.loader.xml.XmlEntityOdbEntityDao:131][load file:URL [jar:file:/F:/repository/cn/sunline/adp/adp-cedar-busi-sdk/4.1.1-zxbank-M7.9/adp-cedar-busi-sdk-4.1.1-zxbank-M7.9.jar!/component/AppcCompImpl.compschema.xml]]
[DEBUG][09:21:51,512][main][ ][cn.sunline.adp.metadata.loader.xml.XmlEntityOdbEntityDao:131][load file:URL [jar:file:/F:/repository/cn/sunline/adp/adp-cedar-busi-sdk/4.1.1-zxbank-M7.9/adp-cedar-busi-sdk-4.1.1-zxbank-M7.9.jar!/component/IcCompImpl.compschema.xml]]
[DEBUG][09:21:51,514][main][ ][cn.sunline.adp.metadata.loader.xml.XmlEntityOdbEntityDao:131][load file:URL [jar:file:/F:/repository/cn/sunline/adp/adp-cedar-busi-sdk/4.1.1-zxbank-M7.9/adp-cedar-busi-sdk-4.1.1-zxbank-M7.9.jar!/component/PackCompImpl.compschema.xml]]
[DEBUG][09:21:51,516][main][ ][cn.sunline.adp.metadata.loader.xml.XmlEntityOdbEntityDao:131][load file:URL [jar:file:/F:/repository/cn/sunline/adp/adp-cedar-busi-sdk/4.1.1-zxbank-M7.9/adp-cedar-busi-sdk-4.1.1-zxbank-M7.9.jar!/component/SecurityCompImpl.compschema.xml]]
[DEBUG][09:21:51,517][main][ ][cn.sunline.adp.metadata.loader.xml.XmlEntityOdbEntityDao:131][load file:URL [jar:file:/F:/repository/cn/sunline/adp/adp-cedar-busi-sdk/4.1.1-zxbank-M7.9/adp-cedar-busi-sdk-4.1.1-zxbank-M7.9.jar!/component/TransExecutorCompImpl.compschema.xml]]
[DEBUG][09:21:51,519][main][ ][cn.sunline.adp.metadata.loader.xml.XmlEntityOdbEntityDao:131][load file:URL [jar:file:/F:/repository/cn/sunline/adp/adp-cedar-busi-sdk/4.1.1-zxbank-M7.9/adp-cedar-busi-sdk-4.1.1-zxbank-M7.9.jar!/component/BaseComp.compschema.xml]]
[DEBUG][09:21:51,525][main][ ][cn.sunline.adp.metadata.loader.xml.XmlEntityOdbEntityDao:131][load file:URL [jar:file:/F:/repository/cn/sunline/adp/adp-cedar-busi-sdk/4.1.1-zxbank-M7.9/adp-cedar-busi-sdk-4.1.1-zxbank-M7.9.jar!/component/DBSecurityCompImpl.compschema.xml]]
[DEBUG][09:21:51,526][main][ ][cn.sunline.adp.metadata.loader.xml.XmlEntityOdbEntityDao:131][load file:URL [jar:file:/F:/repository/cn/sunline/adp/adp-cedar-busi-sdk/4.1.1-zxbank-M7.9/adp-cedar-busi-sdk-4.1.1-zxbank-M7.9.jar!/component/FileTransferCompImpl.compschema.xml]]
[DEBUG][09:21:51,528][main][ ][cn.sunline.adp.metadata.loader.xml.XmlEntityOdbEntityDao:131][load file:URL [jar:file:/F:/repository/cn/sunline/adp/adp-cedar-custom-comm/4.1.1-zxbank-M7.9/adp-cedar-custom-comm-4.1.1-zxbank-M7.9.jar!/component/ApComponentInstance.compschema.xml]]
[DEBUG][09:21:51,529][main][ ][cn.sunline.adp.metadata.loader.xml.XmlEntityOdbEntityDao:131][load file:URL [jar:file:/F:/repository/cn/sunline/adp/adp-cedar-custom-comm/4.1.1-zxbank-M7.9/adp-cedar-custom-comm-4.1.1-zxbank-M7.9.jar!/component/batchComp.compschema.xml]]
[INFO ][09:21:51,570][main][ ][cn.sunline.adp.metadata.loader.util.ModelManager:157][Finish loading model[0.062s][10]：component[组件配置]]
[INFO ][09:21:51,570][main][ ][cn.sunline.adp.metadata.loader.util.ModelManager:88][Finish loading model group[0.062s][10]：组件配置]
[INFO ][09:21:51,570][main][ ][cn.sunline.adp.metadata.loader.util.ModelManager:98][Start resolving model group：组件配置]
[INFO ][09:21:51,570][main][ ][cn.sunline.adp.metadata.loader.util.ModelManager:152][Start resolving model：component[组件配置]]
[INFO ][09:21:51,574][main][ ][cn.sunline.adp.metadata.loader.util.ModelManager:157][Finish resolving model[0.004s][10]：component[组件配置]]
[INFO ][09:21:51,574][main][ ][cn.sunline.adp.metadata.loader.util.ModelManager:103][Finish resolving model group[0.004s][10]：组件配置]
[DEBUG][09:21:53,372][main][ ][cn.sunline.adp.metadata.mybatis.MyBatisSqlProcessor:399][needCommit:KSysOnlTable.tsp_table_control.Entity.selectAll]
[ERROR][09:21:53,711][main][ ][com.alibaba.druid.pool.DruidDataSource:872][init datasource error, url: jdbc:mysql://127.0.0.1:3306/asunline?useUnicode=true&characterEncoding=utf-8]
java.sql.SQLSyntaxErrorException: Unknown database 'asunline'
	at com.mysql.cj.jdbc.exceptions.SQLError.createSQLException(SQLError.java:120) ~[mysql-connector-java-8.0.17.jar:8.0.17]
	at com.mysql.cj.jdbc.exceptions.SQLError.createSQLException(SQLError.java:97) ~[mysql-connector-java-8.0.17.jar:8.0.17]
	at com.mysql.cj.jdbc.exceptions.SQLExceptionsMapping.translateException(SQLExceptionsMapping.java:122) ~[mysql-connector-java-8.0.17.jar:8.0.17]
	at com.mysql.cj.jdbc.ConnectionImpl.createNewIO(ConnectionImpl.java:827) ~[mysql-connector-java-8.0.17.jar:8.0.17]
	at com.mysql.cj.jdbc.ConnectionImpl.<init>(ConnectionImpl.java:447) ~[mysql-connector-java-8.0.17.jar:8.0.17]
	at com.mysql.cj.jdbc.ConnectionImpl.getInstance(ConnectionImpl.java:237) ~[mysql-connector-java-8.0.17.jar:8.0.17]
	at com.mysql.cj.jdbc.NonRegisteringDriver.connect(NonRegisteringDriver.java:199) ~[mysql-connector-java-8.0.17.jar:8.0.17]
	at com.alibaba.druid.filter.FilterChainImpl.connection_connect(FilterChainImpl.java:156) ~[druid-1.1.10.jar:1.1.10]
	at com.alibaba.druid.filter.FilterAdapter.connection_connect(FilterAdapter.java:786) ~[druid-1.1.10.jar:1.1.10]
	at com.alibaba.druid.filter.FilterEventAdapter.connection_connect(FilterEventAdapter.java:38) ~[druid-1.1.10.jar:1.1.10]
	at com.alibaba.druid.filter.FilterChainImpl.connection_connect(FilterChainImpl.java:150) ~[druid-1.1.10.jar:1.1.10]
	at com.alibaba.druid.filter.FilterAdapter.connection_connect(FilterAdapter.java:786) ~[druid-1.1.10.jar:1.1.10]
	at com.alibaba.druid.filter.FilterChainImpl.connection_connect(FilterChainImpl.java:150) ~[druid-1.1.10.jar:1.1.10]
	at com.alibaba.druid.filter.stat.StatFilter.connection_connect(StatFilter.java:218) ~[druid-1.1.10.jar:1.1.10]
	at com.alibaba.druid.filter.FilterChainImpl.connection_connect(FilterChainImpl.java:150) ~[druid-1.1.10.jar:1.1.10]
	at com.alibaba.druid.pool.DruidAbstractDataSource.createPhysicalConnection(DruidAbstractDataSource.java:1560) ~[druid-1.1.10.jar:1.1.10]
	at com.alibaba.druid.pool.DruidAbstractDataSource.createPhysicalConnection(DruidAbstractDataSource.java:1623) ~[druid-1.1.10.jar:1.1.10]
	at com.alibaba.druid.pool.DruidDataSource.init(DruidDataSource.java:861) ~[druid-1.1.10.jar:1.1.10]
	at com.alibaba.druid.pool.DruidDataSource.getConnection(DruidDataSource.java:1229) ~[druid-1.1.10.jar:1.1.10]
	at com.alibaba.druid.pool.DruidDataSource.getConnection(DruidDataSource.java:1225) ~[druid-1.1.10.jar:1.1.10]
	at com.alibaba.druid.pool.DruidDataSource.getConnection(DruidDataSource.java:90) ~[druid-1.1.10.jar:1.1.10]
	at org.springframework.jdbc.datasource.lookup.AbstractRoutingDataSource.getConnection(AbstractRoutingDataSource.java:170) ~[spring-jdbc-5.1.10.RELEASE.jar:5.1.10.RELEASE]
	at cn.sunline.adp.dao.datasource.conn.DefaultDBConnectionManager._createConnection(DefaultDBConnectionManager.java:284) ~[adp-dao-datasource-4.1.1-zxbank-M7.9.jar:4.1.1-zxbank-M7.9]
	at cn.sunline.adp.dao.datasource.conn.DefaultDBConnectionManager._getConnection(DefaultDBConnectionManager.java:274) ~[adp-dao-datasource-4.1.1-zxbank-M7.9.jar:4.1.1-zxbank-M7.9]
	at cn.sunline.adp.dao.datasource.conn.DefaultDBConnectionManager.needCommit(DefaultDBConnectionManager.java:548) ~[adp-dao-datasource-4.1.1-zxbank-M7.9.jar:4.1.1-zxbank-M7.9]
	at cn.sunline.adp.dao.datasource.conn.DBConnectionManagerWrapper.needCommit(DBConnectionManagerWrapper.java:220) ~[adp-dao-datasource-4.1.1-zxbank-M7.9.jar:4.1.1-zxbank-M7.9]
	at cn.sunline.adp.metadata.mybatis.MyBatisSqlProcessor.querySqlList(MyBatisSqlProcessor.java:400) ~[adp-metadata-mybatis-4.1.1-zxbank-M7.9.jar:4.1.1-zxbank-M7.9]
	at cn.sunline.adp.metadata.mybatis.MyBatisSqlProcessor.querySqlList(MyBatisSqlProcessor.java:861) ~[adp-metadata-mybatis-4.1.1-zxbank-M7.9.jar:4.1.1-zxbank-M7.9]
	at cn.sunline.adp.metadata.mybatis.impl.DefaultEntityDao.selectAll(DefaultEntityDao.java:133) ~[adp-metadata-mybatis-4.1.1-zxbank-M7.9.jar:4.1.1-zxbank-M7.9]
	at cn.sunline.adp.metadata.base.dao.EntityDaoWrapper.selectAll(EntityDaoWrapper.java:118) ~[adp-metadata-base-4.1.1-zxbank-M7.9.jar:4.1.1-zxbank-M7.9]
	at cn.sunline.adp.metadata.loader.db.util.DaoUtil.selectAll(DaoUtil.java:313) ~[adp-metadata-loader-remote-4.1.1-zxbank-M7.9.jar:4.1.1-zxbank-M7.9]
	at cn.sunline.adp.metadata.loader.db.util.DaoUtil.selectAll(DaoUtil.java:294) ~[adp-metadata-loader-remote-4.1.1-zxbank-M7.9.jar:4.1.1-zxbank-M7.9]
	at cn.sunline.adp.metadata.loader.remote.impl.DBEntityDaoProcessControllerManager.getAllEntityDaoProcessController(DBEntityDaoProcessControllerManager.java:37) ~[adp-metadata-loader-remote-4.1.1-zxbank-M7.9.jar:4.1.1-zxbank-M7.9]
	at cn.sunline.adp.metadata.base.dao.DefaultEntityDaoFactory.initEntityDaoProcessControllers(DefaultEntityDaoFactory.java:175) ~[adp-metadata-base-4.1.1-zxbank-M7.9.jar:4.1.1-zxbank-M7.9]
	at cn.sunline.adp.metadata.base.dao.DefaultEntityDaoFactory.getEntityDaoProcessController(DefaultEntityDaoFactory.java:181) ~[adp-metadata-base-4.1.1-zxbank-M7.9.jar:4.1.1-zxbank-M7.9]
	at cn.sunline.adp.metadata.base.dao.DefaultEntityDaoFactory.getEntityDaoProcessController(DefaultEntityDaoFactory.java:208) ~[adp-metadata-base-4.1.1-zxbank-M7.9.jar:4.1.1-zxbank-M7.9]
	at cn.sunline.adp.metadata.base.dao.EntityDaoWrapper.<init>(EntityDaoWrapper.java:54) ~[adp-metadata-base-4.1.1-zxbank-M7.9.jar:4.1.1-zxbank-M7.9]
	at cn.sunline.adp.metadata.base.dao.DefaultEntityDaoFactory.addEntityDao(DefaultEntityDaoFactory.java:106) ~[adp-metadata-base-4.1.1-zxbank-M7.9.jar:4.1.1-zxbank-M7.9]
	at cn.sunline.adp.metadata.base.dao.DefaultEntityDaoFactory.getEntityDao(DefaultEntityDaoFactory.java:48) ~[adp-metadata-base-4.1.1-zxbank-M7.9.jar:4.1.1-zxbank-M7.9]
	at cn.sunline.adp.metadata.mybatis.impl.DefaultCommonDao.getEntityDao(DefaultCommonDao.java:118) ~[adp-metadata-mybatis-4.1.1-zxbank-M7.9.jar:4.1.1-zxbank-M7.9]
	at cn.sunline.adp.metadata.loader.db.util.DaoUtil.getEntityDao(DaoUtil.java:42) ~[adp-metadata-loader-remote-4.1.1-zxbank-M7.9.jar:4.1.1-zxbank-M7.9]
	at cn.sunline.adp.metadata.loader.db.util.DaoUtil.selectOneByIndex(DaoUtil.java:220) ~[adp-metadata-loader-remote-4.1.1-zxbank-M7.9.jar:4.1.1-zxbank-M7.9]
	at cn.sunline.adp.metadata.loader.db.util.DaoUtil.selectOneByIndex(DaoUtil.java:206) ~[adp-metadata-loader-remote-4.1.1-zxbank-M7.9.jar:4.1.1-zxbank-M7.9]
	at cn.sunline.adp.metadata.loader.remote.tables.KSysOnlTable$Tsp_param_version_infoDao.selectOne_odb1(KSysOnlTable.java:502) ~[adp-metadata-loader-remote-4.1.1-zxbank-M7.9.jar:4.1.1-zxbank-M7.9]
	at cn.sunline.adp.metadata.loader.remote.impl.DbParamVersionInfoDAOImpl.selectByKey(DbParamVersionInfoDAOImpl.java:39) ~[adp-metadata-loader-remote-4.1.1-zxbank-M7.9.jar:4.1.1-zxbank-M7.9]
	at cn.sunline.adp.metadata.loader.remote.parmreload.OdbChangeListenerManager.createOrGetParamVersion(OdbChangeListenerManager.java:171) ~[adp-metadata-loader-remote-4.1.1-zxbank-M7.9.jar:4.1.1-zxbank-M7.9]
	at cn.sunline.adp.metadata.loader.remote.parmreload.OdbChangeListenerManager.getDBMainParmVersion(OdbChangeListenerManager.java:39) ~[adp-metadata-loader-remote-4.1.1-zxbank-M7.9.jar:4.1.1-zxbank-M7.9]
	at cn.sunline.adp.metadata.loader.remote.store.RemoteEntityModelLoader.init(RemoteEntityModelLoader.java:102) ~[adp-metadata-loader-remote-4.1.1-zxbank-M7.9.jar:4.1.1-zxbank-M7.9]
	at cn.sunline.adp.metadata.loader.util.ModelManager.init(ModelManager.java:66) ~[adp-metadata-loader-4.1.1-zxbank-M7.9.jar:4.1.1-zxbank-M7.9]
	at cn.sunline.adp.metadata.starter.listener.MetadataAdpListener.startup(MetadataAdpListener.java:85) ~[adp-metadata-4.1.1-zxbank-M7.9.jar:4.1.1-zxbank-M7.9]
	at cn.sunline.adp.metadata.starter.listener.MetadataAdpListener.onBootEvent(MetadataAdpListener.java:41) ~[adp-metadata-4.1.1-zxbank-M7.9.jar:4.1.1-zxbank-M7.9]
	at cn.sunline.adp.core.AdpEngine.triggerEvent(AdpEngine.java:56) ~[adp-core-4.1.1-zxbank-M7.9.jar:4.1.1-zxbank-M7.9]
	at cn.sunline.adp.core.AdpEngine.doInit(AdpEngine.java:93) ~[adp-core-4.1.1-zxbank-M7.9.jar:4.1.1-zxbank-M7.9]
	at cn.sunline.adp.core.AdpEngine.init(AdpEngine.java:79) ~[adp-core-4.1.1-zxbank-M7.9.jar:4.1.1-zxbank-M7.9]
	at cn.sunline.adp.core.AdpApplicationListener.onApplicationEvent(AdpApplicationListener.java:46) ~[adp-core-4.1.1-zxbank-M7.9.jar:4.1.1-zxbank-M7.9]
	at org.springframework.context.event.SimpleApplicationEventMulticaster.doInvokeListener(SimpleApplicationEventMulticaster.java:172) ~[spring-context-5.1.10.RELEASE.jar:5.1.10.RELEASE]
	at org.springframework.context.event.SimpleApplicationEventMulticaster.invokeListener(SimpleApplicationEventMulticaster.java:165) ~[spring-context-5.1.10.RELEASE.jar:5.1.10.RELEASE]
	at org.springframework.context.event.SimpleApplicationEventMulticaster.multicastEvent(SimpleApplicationEventMulticaster.java:139) ~[spring-context-5.1.10.RELEASE.jar:5.1.10.RELEASE]
	at org.springframework.context.support.AbstractApplicationContext.publishEvent(AbstractApplicationContext.java:402) ~[spring-context-5.1.10.RELEASE.jar:5.1.10.RELEASE]
	at org.springframework.context.support.AbstractApplicationContext.publishEvent(AbstractApplicationContext.java:359) ~[spring-context-5.1.10.RELEASE.jar:5.1.10.RELEASE]
	at org.springframework.boot.context.event.EventPublishingRunListener.running(EventPublishingRunListener.java:103) ~[spring-boot-2.1.9.RELEASE.jar:2.1.9.RELEASE]
	at org.springframework.boot.SpringApplicationRunListeners.running(SpringApplicationRunListeners.java:77) ~[spring-boot-2.1.9.RELEASE.jar:2.1.9.RELEASE]
	at org.springframework.boot.SpringApplication.run(SpringApplication.java:327) ~[spring-boot-2.1.9.RELEASE.jar:2.1.9.RELEASE]
	at cn.sunline.adp.boot.cedar.CedarMain.main(CedarMain.java:71) ~[adp-boot-starter-4.1.1-zxbank-M7.9.jar:4.1.1-zxbank-M7.9]
	at cn.sunline.edsp.adp.boot.CardApplication.main(CardApplication.java:10) ~[classes/:?]
[ERROR][09:21:53,722][main][ ][com.alibaba.druid.pool.DruidDataSource:905][{dataSource-1} init error]
java.sql.SQLSyntaxErrorException: Unknown database 'asunline'
	at com.mysql.cj.jdbc.exceptions.SQLError.createSQLException(SQLError.java:120) ~[mysql-connector-java-8.0.17.jar:8.0.17]
	at com.mysql.cj.jdbc.exceptions.SQLError.createSQLException(SQLError.java:97) ~[mysql-connector-java-8.0.17.jar:8.0.17]
	at com.mysql.cj.jdbc.exceptions.SQLExceptionsMapping.translateException(SQLExceptionsMapping.java:122) ~[mysql-connector-java-8.0.17.jar:8.0.17]
	at com.mysql.cj.jdbc.ConnectionImpl.createNewIO(ConnectionImpl.java:827) ~[mysql-connector-java-8.0.17.jar:8.0.17]
	at com.mysql.cj.jdbc.ConnectionImpl.<init>(ConnectionImpl.java:447) ~[mysql-connector-java-8.0.17.jar:8.0.17]
	at com.mysql.cj.jdbc.ConnectionImpl.getInstance(ConnectionImpl.java:237) ~[mysql-connector-java-8.0.17.jar:8.0.17]
	at com.mysql.cj.jdbc.NonRegisteringDriver.connect(NonRegisteringDriver.java:199) ~[mysql-connector-java-8.0.17.jar:8.0.17]
	at com.alibaba.druid.filter.FilterChainImpl.connection_connect(FilterChainImpl.java:156) ~[druid-1.1.10.jar:1.1.10]
	at com.alibaba.druid.filter.FilterAdapter.connection_connect(FilterAdapter.java:786) ~[druid-1.1.10.jar:1.1.10]
	at com.alibaba.druid.filter.FilterEventAdapter.connection_connect(FilterEventAdapter.java:38) ~[druid-1.1.10.jar:1.1.10]
	at com.alibaba.druid.filter.FilterChainImpl.connection_connect(FilterChainImpl.java:150) ~[druid-1.1.10.jar:1.1.10]
	at com.alibaba.druid.filter.FilterAdapter.connection_connect(FilterAdapter.java:786) ~[druid-1.1.10.jar:1.1.10]
	at com.alibaba.druid.filter.FilterChainImpl.connection_connect(FilterChainImpl.java:150) ~[druid-1.1.10.jar:1.1.10]
	at com.alibaba.druid.filter.stat.StatFilter.connection_connect(StatFilter.java:218) ~[druid-1.1.10.jar:1.1.10]
	at com.alibaba.druid.filter.FilterChainImpl.connection_connect(FilterChainImpl.java:150) ~[druid-1.1.10.jar:1.1.10]
	at com.alibaba.druid.pool.DruidAbstractDataSource.createPhysicalConnection(DruidAbstractDataSource.java:1560) ~[druid-1.1.10.jar:1.1.10]
	at com.alibaba.druid.pool.DruidAbstractDataSource.createPhysicalConnection(DruidAbstractDataSource.java:1623) ~[druid-1.1.10.jar:1.1.10]
	at com.alibaba.druid.pool.DruidDataSource.init(DruidDataSource.java:861) ~[druid-1.1.10.jar:1.1.10]
	at com.alibaba.druid.pool.DruidDataSource.getConnection(DruidDataSource.java:1229) ~[druid-1.1.10.jar:1.1.10]
	at com.alibaba.druid.pool.DruidDataSource.getConnection(DruidDataSource.java:1225) ~[druid-1.1.10.jar:1.1.10]
	at com.alibaba.druid.pool.DruidDataSource.getConnection(DruidDataSource.java:90) ~[druid-1.1.10.jar:1.1.10]
	at org.springframework.jdbc.datasource.lookup.AbstractRoutingDataSource.getConnection(AbstractRoutingDataSource.java:170) ~[spring-jdbc-5.1.10.RELEASE.jar:5.1.10.RELEASE]
	at cn.sunline.adp.dao.datasource.conn.DefaultDBConnectionManager._createConnection(DefaultDBConnectionManager.java:284) ~[adp-dao-datasource-4.1.1-zxbank-M7.9.jar:4.1.1-zxbank-M7.9]
	at cn.sunline.adp.dao.datasource.conn.DefaultDBConnectionManager._getConnection(DefaultDBConnectionManager.java:274) ~[adp-dao-datasource-4.1.1-zxbank-M7.9.jar:4.1.1-zxbank-M7.9]
	at cn.sunline.adp.dao.datasource.conn.DefaultDBConnectionManager.needCommit(DefaultDBConnectionManager.java:548) ~[adp-dao-datasource-4.1.1-zxbank-M7.9.jar:4.1.1-zxbank-M7.9]
	at cn.sunline.adp.dao.datasource.conn.DBConnectionManagerWrapper.needCommit(DBConnectionManagerWrapper.java:220) ~[adp-dao-datasource-4.1.1-zxbank-M7.9.jar:4.1.1-zxbank-M7.9]
	at cn.sunline.adp.metadata.mybatis.MyBatisSqlProcessor.querySqlList(MyBatisSqlProcessor.java:400) ~[adp-metadata-mybatis-4.1.1-zxbank-M7.9.jar:4.1.1-zxbank-M7.9]
	at cn.sunline.adp.metadata.mybatis.MyBatisSqlProcessor.querySqlList(MyBatisSqlProcessor.java:861) ~[adp-metadata-mybatis-4.1.1-zxbank-M7.9.jar:4.1.1-zxbank-M7.9]
	at cn.sunline.adp.metadata.mybatis.impl.DefaultEntityDao.selectAll(DefaultEntityDao.java:133) ~[adp-metadata-mybatis-4.1.1-zxbank-M7.9.jar:4.1.1-zxbank-M7.9]
	at cn.sunline.adp.metadata.base.dao.EntityDaoWrapper.selectAll(EntityDaoWrapper.java:118) ~[adp-metadata-base-4.1.1-zxbank-M7.9.jar:4.1.1-zxbank-M7.9]
	at cn.sunline.adp.metadata.loader.db.util.DaoUtil.selectAll(DaoUtil.java:313) ~[adp-metadata-loader-remote-4.1.1-zxbank-M7.9.jar:4.1.1-zxbank-M7.9]
	at cn.sunline.adp.metadata.loader.db.util.DaoUtil.selectAll(DaoUtil.java:294) ~[adp-metadata-loader-remote-4.1.1-zxbank-M7.9.jar:4.1.1-zxbank-M7.9]
	at cn.sunline.adp.metadata.loader.remote.impl.DBEntityDaoProcessControllerManager.getAllEntityDaoProcessController(DBEntityDaoProcessControllerManager.java:37) ~[adp-metadata-loader-remote-4.1.1-zxbank-M7.9.jar:4.1.1-zxbank-M7.9]
	at cn.sunline.adp.metadata.base.dao.DefaultEntityDaoFactory.initEntityDaoProcessControllers(DefaultEntityDaoFactory.java:175) ~[adp-metadata-base-4.1.1-zxbank-M7.9.jar:4.1.1-zxbank-M7.9]
	at cn.sunline.adp.metadata.base.dao.DefaultEntityDaoFactory.getEntityDaoProcessController(DefaultEntityDaoFactory.java:181) ~[adp-metadata-base-4.1.1-zxbank-M7.9.jar:4.1.1-zxbank-M7.9]
	at cn.sunline.adp.metadata.base.dao.DefaultEntityDaoFactory.getEntityDaoProcessController(DefaultEntityDaoFactory.java:208) ~[adp-metadata-base-4.1.1-zxbank-M7.9.jar:4.1.1-zxbank-M7.9]
	at cn.sunline.adp.metadata.base.dao.EntityDaoWrapper.<init>(EntityDaoWrapper.java:54) ~[adp-metadata-base-4.1.1-zxbank-M7.9.jar:4.1.1-zxbank-M7.9]
	at cn.sunline.adp.metadata.base.dao.DefaultEntityDaoFactory.addEntityDao(DefaultEntityDaoFactory.java:106) ~[adp-metadata-base-4.1.1-zxbank-M7.9.jar:4.1.1-zxbank-M7.9]
	at cn.sunline.adp.metadata.base.dao.DefaultEntityDaoFactory.getEntityDao(DefaultEntityDaoFactory.java:48) ~[adp-metadata-base-4.1.1-zxbank-M7.9.jar:4.1.1-zxbank-M7.9]
	at cn.sunline.adp.metadata.mybatis.impl.DefaultCommonDao.getEntityDao(DefaultCommonDao.java:118) ~[adp-metadata-mybatis-4.1.1-zxbank-M7.9.jar:4.1.1-zxbank-M7.9]
	at cn.sunline.adp.metadata.loader.db.util.DaoUtil.getEntityDao(DaoUtil.java:42) ~[adp-metadata-loader-remote-4.1.1-zxbank-M7.9.jar:4.1.1-zxbank-M7.9]
	at cn.sunline.adp.metadata.loader.db.util.DaoUtil.selectOneByIndex(DaoUtil.java:220) ~[adp-metadata-loader-remote-4.1.1-zxbank-M7.9.jar:4.1.1-zxbank-M7.9]
	at cn.sunline.adp.metadata.loader.db.util.DaoUtil.selectOneByIndex(DaoUtil.java:206) ~[adp-metadata-loader-remote-4.1.1-zxbank-M7.9.jar:4.1.1-zxbank-M7.9]
	at cn.sunline.adp.metadata.loader.remote.tables.KSysOnlTable$Tsp_param_version_infoDao.selectOne_odb1(KSysOnlTable.java:502) ~[adp-metadata-loader-remote-4.1.1-zxbank-M7.9.jar:4.1.1-zxbank-M7.9]
	at cn.sunline.adp.metadata.loader.remote.impl.DbParamVersionInfoDAOImpl.selectByKey(DbParamVersionInfoDAOImpl.java:39) ~[adp-metadata-loader-remote-4.1.1-zxbank-M7.9.jar:4.1.1-zxbank-M7.9]
	at cn.sunline.adp.metadata.loader.remote.parmreload.OdbChangeListenerManager.createOrGetParamVersion(OdbChangeListenerManager.java:171) ~[adp-metadata-loader-remote-4.1.1-zxbank-M7.9.jar:4.1.1-zxbank-M7.9]
	at cn.sunline.adp.metadata.loader.remote.parmreload.OdbChangeListenerManager.getDBMainParmVersion(OdbChangeListenerManager.java:39) ~[adp-metadata-loader-remote-4.1.1-zxbank-M7.9.jar:4.1.1-zxbank-M7.9]
	at cn.sunline.adp.metadata.loader.remote.store.RemoteEntityModelLoader.init(RemoteEntityModelLoader.java:102) ~[adp-metadata-loader-remote-4.1.1-zxbank-M7.9.jar:4.1.1-zxbank-M7.9]
	at cn.sunline.adp.metadata.loader.util.ModelManager.init(ModelManager.java:66) ~[adp-metadata-loader-4.1.1-zxbank-M7.9.jar:4.1.1-zxbank-M7.9]
	at cn.sunline.adp.metadata.starter.listener.MetadataAdpListener.startup(MetadataAdpListener.java:85) ~[adp-metadata-4.1.1-zxbank-M7.9.jar:4.1.1-zxbank-M7.9]
	at cn.sunline.adp.metadata.starter.listener.MetadataAdpListener.onBootEvent(MetadataAdpListener.java:41) ~[adp-metadata-4.1.1-zxbank-M7.9.jar:4.1.1-zxbank-M7.9]
	at cn.sunline.adp.core.AdpEngine.triggerEvent(AdpEngine.java:56) ~[adp-core-4.1.1-zxbank-M7.9.jar:4.1.1-zxbank-M7.9]
	at cn.sunline.adp.core.AdpEngine.doInit(AdpEngine.java:93) ~[adp-core-4.1.1-zxbank-M7.9.jar:4.1.1-zxbank-M7.9]
	at cn.sunline.adp.core.AdpEngine.init(AdpEngine.java:79) ~[adp-core-4.1.1-zxbank-M7.9.jar:4.1.1-zxbank-M7.9]
	at cn.sunline.adp.core.AdpApplicationListener.onApplicationEvent(AdpApplicationListener.java:46) ~[adp-core-4.1.1-zxbank-M7.9.jar:4.1.1-zxbank-M7.9]
	at org.springframework.context.event.SimpleApplicationEventMulticaster.doInvokeListener(SimpleApplicationEventMulticaster.java:172) ~[spring-context-5.1.10.RELEASE.jar:5.1.10.RELEASE]
	at org.springframework.context.event.SimpleApplicationEventMulticaster.invokeListener(SimpleApplicationEventMulticaster.java:165) ~[spring-context-5.1.10.RELEASE.jar:5.1.10.RELEASE]
	at org.springframework.context.event.SimpleApplicationEventMulticaster.multicastEvent(SimpleApplicationEventMulticaster.java:139) ~[spring-context-5.1.10.RELEASE.jar:5.1.10.RELEASE]
	at org.springframework.context.support.AbstractApplicationContext.publishEvent(AbstractApplicationContext.java:402) ~[spring-context-5.1.10.RELEASE.jar:5.1.10.RELEASE]
	at org.springframework.context.support.AbstractApplicationContext.publishEvent(AbstractApplicationContext.java:359) ~[spring-context-5.1.10.RELEASE.jar:5.1.10.RELEASE]
	at org.springframework.boot.context.event.EventPublishingRunListener.running(EventPublishingRunListener.java:103) ~[spring-boot-2.1.9.RELEASE.jar:2.1.9.RELEASE]
	at org.springframework.boot.SpringApplicationRunListeners.running(SpringApplicationRunListeners.java:77) ~[spring-boot-2.1.9.RELEASE.jar:2.1.9.RELEASE]
	at org.springframework.boot.SpringApplication.run(SpringApplication.java:327) ~[spring-boot-2.1.9.RELEASE.jar:2.1.9.RELEASE]
	at cn.sunline.adp.boot.cedar.CedarMain.main(CedarMain.java:71) ~[adp-boot-starter-4.1.1-zxbank-M7.9.jar:4.1.1-zxbank-M7.9]
	at cn.sunline.edsp.adp.boot.CardApplication.main(CardApplication.java:10) ~[classes/:?]
[INFO ][09:21:53,722][main][ ][com.alibaba.druid.pool.DruidDataSource:930][{dataSource-1} inited]
[INFO ][09:21:53,727][main][ ][cn.sunline.adp.core.AdpEngine:103][Adp is closing now...]
[INFO ][09:21:53,728][main][ ][cn.sunline.adp.cedar.base.listener.SystemParamListener:49][系统选项=[{pm=true, pl=3, ct=false, cibp=true, upp=true, dps=20000, io=log,odb,ognl,bean,pack,enum,dataMapping,db, rcc=true, dl=true, imof=false}] ]
[INFO ][09:21:53,729][main][ ][cn.sunline.adp.core.AdpEngine:68][AdpBootListener cn.sunline.adp.cedar.base.listener.SystemParamListener succeed to process BEFORE_CLOSE.]
[INFO ][09:21:53,729][main][ ][cn.sunline.adp.core.AdpEngine:68][AdpBootListener cn.sunline.adp.metadata.starter.listener.MetadataAdpListener succeed to process BEFORE_CLOSE.]
[INFO ][09:21:53,732][main][ ][cn.sunline.adp.cedar.base.boot.Boot:88][server stopped]
[INFO ][09:21:53,732][main][ ][cn.sunline.adp.core.AdpEngine:68][AdpBootListener cn.sunline.adp.cedar.base.listener.CedarListener succeed to process BEFORE_CLOSE.]
[INFO ][09:21:53,732][main][ ][cn.sunline.adp.core.AdpEngine:68][AdpBootListener cn.sunline.adp.core.listener.InitReadyListener succeed to process BEFORE_CLOSE.]
[INFO ][09:21:53,733][main][ ][cn.sunline.adp.cedar.base.listener.SystemParamListener:49][系统选项=[{pm=true, pl=3, ct=false, cibp=true, upp=true, dps=20000, io=log,odb,ognl,bean,pack,enum,dataMapping,db, rcc=true, dl=true, imof=false}] ]
[INFO ][09:21:53,733][main][ ][cn.sunline.adp.core.AdpEngine:68][AdpBootListener cn.sunline.adp.cedar.base.listener.SystemParamListener succeed to process AFTER_CLOSE.]
[INFO ][09:21:53,733][main][ ][cn.sunline.adp.core.AdpEngine:68][AdpBootListener cn.sunline.adp.metadata.starter.listener.MetadataAdpListener succeed to process AFTER_CLOSE.]
[INFO ][09:21:53,733][main][ ][cn.sunline.adp.core.AdpEngine:68][AdpBootListener cn.sunline.adp.cedar.base.listener.CedarListener succeed to process AFTER_CLOSE.]
[INFO ][09:21:53,733][main][ ][cn.sunline.adp.core.AdpEngine:68][AdpBootListener cn.sunline.adp.core.listener.InitReadyListener succeed to process AFTER_CLOSE.]
[INFO ][09:21:53,733][main][ ][cn.sunline.adp.core.AdpEngine:106][Adp had closed]
[ERROR][09:21:53,744][main][ ][org.springframework.boot.SpringApplication:823][Application run failed]
java.lang.IllegalStateException: Adp init failed.
	at cn.sunline.adp.core.AdpEngine.init(AdpEngine.java:86) ~[adp-core-4.1.1-zxbank-M7.9.jar:4.1.1-zxbank-M7.9]
	at cn.sunline.adp.core.AdpApplicationListener.onApplicationEvent(AdpApplicationListener.java:46) ~[adp-core-4.1.1-zxbank-M7.9.jar:4.1.1-zxbank-M7.9]
	at org.springframework.context.event.SimpleApplicationEventMulticaster.doInvokeListener(SimpleApplicationEventMulticaster.java:172) ~[spring-context-5.1.10.RELEASE.jar:5.1.10.RELEASE]
	at org.springframework.context.event.SimpleApplicationEventMulticaster.invokeListener(SimpleApplicationEventMulticaster.java:165) ~[spring-context-5.1.10.RELEASE.jar:5.1.10.RELEASE]
	at org.springframework.context.event.SimpleApplicationEventMulticaster.multicastEvent(SimpleApplicationEventMulticaster.java:139) ~[spring-context-5.1.10.RELEASE.jar:5.1.10.RELEASE]
	at org.springframework.context.support.AbstractApplicationContext.publishEvent(AbstractApplicationContext.java:402) ~[spring-context-5.1.10.RELEASE.jar:5.1.10.RELEASE]
	at org.springframework.context.support.AbstractApplicationContext.publishEvent(AbstractApplicationContext.java:359) ~[spring-context-5.1.10.RELEASE.jar:5.1.10.RELEASE]
	at org.springframework.boot.context.event.EventPublishingRunListener.running(EventPublishingRunListener.java:103) ~[spring-boot-2.1.9.RELEASE.jar:2.1.9.RELEASE]
	at org.springframework.boot.SpringApplicationRunListeners.running(SpringApplicationRunListeners.java:77) ~[spring-boot-2.1.9.RELEASE.jar:2.1.9.RELEASE]
	at org.springframework.boot.SpringApplication.run(SpringApplication.java:327) ~[spring-boot-2.1.9.RELEASE.jar:2.1.9.RELEASE]
	at cn.sunline.adp.boot.cedar.CedarMain.main(CedarMain.java:71) ~[adp-boot-starter-4.1.1-zxbank-M7.9.jar:4.1.1-zxbank-M7.9]
	at cn.sunline.edsp.adp.boot.CardApplication.main(CardApplication.java:10) ~[classes/:?]
Caused by: java.lang.IllegalArgumentException: Initializing the model loader[EntityDaoLoader] - [EntityDaoLoader]failed
	at cn.sunline.adp.metadata.loader.util.ModelManager.init(ModelManager.java:68) ~[adp-metadata-loader-4.1.1-zxbank-M7.9.jar:4.1.1-zxbank-M7.9]
	at cn.sunline.adp.metadata.starter.listener.MetadataAdpListener.startup(MetadataAdpListener.java:85) ~[adp-metadata-4.1.1-zxbank-M7.9.jar:4.1.1-zxbank-M7.9]
	at cn.sunline.adp.metadata.starter.listener.MetadataAdpListener.onBootEvent(MetadataAdpListener.java:41) ~[adp-metadata-4.1.1-zxbank-M7.9.jar:4.1.1-zxbank-M7.9]
	at cn.sunline.adp.core.AdpEngine.triggerEvent(AdpEngine.java:56) ~[adp-core-4.1.1-zxbank-M7.9.jar:4.1.1-zxbank-M7.9]
	at cn.sunline.adp.core.AdpEngine.doInit(AdpEngine.java:93) ~[adp-core-4.1.1-zxbank-M7.9.jar:4.1.1-zxbank-M7.9]
	at cn.sunline.adp.core.AdpEngine.init(AdpEngine.java:79) ~[adp-core-4.1.1-zxbank-M7.9.jar:4.1.1-zxbank-M7.9]
	... 11 more
Caused by: java.lang.RuntimeException: dataSourceId[FRWDB] 创建数据库连接失败  
	at cn.sunline.edsp.base.util.exception.ExceptionUtil.wrapThrow(ExceptionUtil.java:812) ~[edsp-base-4.1.1-zxbank-M7.9.jar:4.1.1-zxbank-M7.9]
	at cn.sunline.adp.dao.datasource.conn.DefaultDBConnectionManager._createConnection(DefaultDBConnectionManager.java:355) ~[adp-dao-datasource-4.1.1-zxbank-M7.9.jar:4.1.1-zxbank-M7.9]
	at cn.sunline.adp.dao.datasource.conn.DefaultDBConnectionManager._getConnection(DefaultDBConnectionManager.java:274) ~[adp-dao-datasource-4.1.1-zxbank-M7.9.jar:4.1.1-zxbank-M7.9]
	at cn.sunline.adp.dao.datasource.conn.DefaultDBConnectionManager.needCommit(DefaultDBConnectionManager.java:548) ~[adp-dao-datasource-4.1.1-zxbank-M7.9.jar:4.1.1-zxbank-M7.9]
	at cn.sunline.adp.dao.datasource.conn.DBConnectionManagerWrapper.needCommit(DBConnectionManagerWrapper.java:220) ~[adp-dao-datasource-4.1.1-zxbank-M7.9.jar:4.1.1-zxbank-M7.9]
	at cn.sunline.adp.metadata.mybatis.MyBatisSqlProcessor.querySqlList(MyBatisSqlProcessor.java:400) ~[adp-metadata-mybatis-4.1.1-zxbank-M7.9.jar:4.1.1-zxbank-M7.9]
	at cn.sunline.adp.metadata.mybatis.MyBatisSqlProcessor.querySqlList(MyBatisSqlProcessor.java:861) ~[adp-metadata-mybatis-4.1.1-zxbank-M7.9.jar:4.1.1-zxbank-M7.9]
	at cn.sunline.adp.metadata.mybatis.impl.DefaultEntityDao.selectAll(DefaultEntityDao.java:133) ~[adp-metadata-mybatis-4.1.1-zxbank-M7.9.jar:4.1.1-zxbank-M7.9]
	at cn.sunline.adp.metadata.base.dao.EntityDaoWrapper.selectAll(EntityDaoWrapper.java:118) ~[adp-metadata-base-4.1.1-zxbank-M7.9.jar:4.1.1-zxbank-M7.9]
	at cn.sunline.adp.metadata.loader.db.util.DaoUtil.selectAll(DaoUtil.java:313) ~[adp-metadata-loader-remote-4.1.1-zxbank-M7.9.jar:4.1.1-zxbank-M7.9]
	at cn.sunline.adp.metadata.loader.db.util.DaoUtil.selectAll(DaoUtil.java:294) ~[adp-metadata-loader-remote-4.1.1-zxbank-M7.9.jar:4.1.1-zxbank-M7.9]
	at cn.sunline.adp.metadata.loader.remote.impl.DBEntityDaoProcessControllerManager.getAllEntityDaoProcessController(DBEntityDaoProcessControllerManager.java:37) ~[adp-metadata-loader-remote-4.1.1-zxbank-M7.9.jar:4.1.1-zxbank-M7.9]
	at cn.sunline.adp.metadata.base.dao.DefaultEntityDaoFactory.initEntityDaoProcessControllers(DefaultEntityDaoFactory.java:175) ~[adp-metadata-base-4.1.1-zxbank-M7.9.jar:4.1.1-zxbank-M7.9]
	at cn.sunline.adp.metadata.base.dao.DefaultEntityDaoFactory.getEntityDaoProcessController(DefaultEntityDaoFactory.java:181) ~[adp-metadata-base-4.1.1-zxbank-M7.9.jar:4.1.1-zxbank-M7.9]
	at cn.sunline.adp.metadata.base.dao.DefaultEntityDaoFactory.getEntityDaoProcessController(DefaultEntityDaoFactory.java:208) ~[adp-metadata-base-4.1.1-zxbank-M7.9.jar:4.1.1-zxbank-M7.9]
	at cn.sunline.adp.metadata.base.dao.EntityDaoWrapper.<init>(EntityDaoWrapper.java:54) ~[adp-metadata-base-4.1.1-zxbank-M7.9.jar:4.1.1-zxbank-M7.9]
	at cn.sunline.adp.metadata.base.dao.DefaultEntityDaoFactory.addEntityDao(DefaultEntityDaoFactory.java:106) ~[adp-metadata-base-4.1.1-zxbank-M7.9.jar:4.1.1-zxbank-M7.9]
	at cn.sunline.adp.metadata.base.dao.DefaultEntityDaoFactory.getEntityDao(DefaultEntityDaoFactory.java:48) ~[adp-metadata-base-4.1.1-zxbank-M7.9.jar:4.1.1-zxbank-M7.9]
	at cn.sunline.adp.metadata.mybatis.impl.DefaultCommonDao.getEntityDao(DefaultCommonDao.java:118) ~[adp-metadata-mybatis-4.1.1-zxbank-M7.9.jar:4.1.1-zxbank-M7.9]
	at cn.sunline.adp.metadata.loader.db.util.DaoUtil.getEntityDao(DaoUtil.java:42) ~[adp-metadata-loader-remote-4.1.1-zxbank-M7.9.jar:4.1.1-zxbank-M7.9]
	at cn.sunline.adp.metadata.loader.db.util.DaoUtil.selectOneByIndex(DaoUtil.java:220) ~[adp-metadata-loader-remote-4.1.1-zxbank-M7.9.jar:4.1.1-zxbank-M7.9]
	at cn.sunline.adp.metadata.loader.db.util.DaoUtil.selectOneByIndex(DaoUtil.java:206) ~[adp-metadata-loader-remote-4.1.1-zxbank-M7.9.jar:4.1.1-zxbank-M7.9]
	at cn.sunline.adp.metadata.loader.remote.tables.KSysOnlTable$Tsp_param_version_infoDao.selectOne_odb1(KSysOnlTable.java:502) ~[adp-metadata-loader-remote-4.1.1-zxbank-M7.9.jar:4.1.1-zxbank-M7.9]
	at cn.sunline.adp.metadata.loader.remote.impl.DbParamVersionInfoDAOImpl.selectByKey(DbParamVersionInfoDAOImpl.java:39) ~[adp-metadata-loader-remote-4.1.1-zxbank-M7.9.jar:4.1.1-zxbank-M7.9]
	at cn.sunline.adp.metadata.loader.remote.parmreload.OdbChangeListenerManager.createOrGetParamVersion(OdbChangeListenerManager.java:171) ~[adp-metadata-loader-remote-4.1.1-zxbank-M7.9.jar:4.1.1-zxbank-M7.9]
	at cn.sunline.adp.metadata.loader.remote.parmreload.OdbChangeListenerManager.getDBMainParmVersion(OdbChangeListenerManager.java:39) ~[adp-metadata-loader-remote-4.1.1-zxbank-M7.9.jar:4.1.1-zxbank-M7.9]
	at cn.sunline.adp.metadata.loader.remote.store.RemoteEntityModelLoader.init(RemoteEntityModelLoader.java:102) ~[adp-metadata-loader-remote-4.1.1-zxbank-M7.9.jar:4.1.1-zxbank-M7.9]
	at cn.sunline.adp.metadata.loader.util.ModelManager.init(ModelManager.java:66) ~[adp-metadata-loader-4.1.1-zxbank-M7.9.jar:4.1.1-zxbank-M7.9]
	at cn.sunline.adp.metadata.starter.listener.MetadataAdpListener.startup(MetadataAdpListener.java:85) ~[adp-metadata-4.1.1-zxbank-M7.9.jar:4.1.1-zxbank-M7.9]
	at cn.sunline.adp.metadata.starter.listener.MetadataAdpListener.onBootEvent(MetadataAdpListener.java:41) ~[adp-metadata-4.1.1-zxbank-M7.9.jar:4.1.1-zxbank-M7.9]
	at cn.sunline.adp.core.AdpEngine.triggerEvent(AdpEngine.java:56) ~[adp-core-4.1.1-zxbank-M7.9.jar:4.1.1-zxbank-M7.9]
	at cn.sunline.adp.core.AdpEngine.doInit(AdpEngine.java:93) ~[adp-core-4.1.1-zxbank-M7.9.jar:4.1.1-zxbank-M7.9]
	at cn.sunline.adp.core.AdpEngine.init(AdpEngine.java:79) ~[adp-core-4.1.1-zxbank-M7.9.jar:4.1.1-zxbank-M7.9]
	... 11 more
Caused by: java.sql.SQLSyntaxErrorException: Unknown database 'asunline'
	at com.mysql.cj.jdbc.exceptions.SQLError.createSQLException(SQLError.java:120) ~[mysql-connector-java-8.0.17.jar:8.0.17]
	at com.mysql.cj.jdbc.exceptions.SQLError.createSQLException(SQLError.java:97) ~[mysql-connector-java-8.0.17.jar:8.0.17]
	at com.mysql.cj.jdbc.exceptions.SQLExceptionsMapping.translateException(SQLExceptionsMapping.java:122) ~[mysql-connector-java-8.0.17.jar:8.0.17]
	at com.mysql.cj.jdbc.ConnectionImpl.createNewIO(ConnectionImpl.java:827) ~[mysql-connector-java-8.0.17.jar:8.0.17]
	at com.mysql.cj.jdbc.ConnectionImpl.<init>(ConnectionImpl.java:447) ~[mysql-connector-java-8.0.17.jar:8.0.17]
	at com.mysql.cj.jdbc.ConnectionImpl.getInstance(ConnectionImpl.java:237) ~[mysql-connector-java-8.0.17.jar:8.0.17]
	at com.mysql.cj.jdbc.NonRegisteringDriver.connect(NonRegisteringDriver.java:199) ~[mysql-connector-java-8.0.17.jar:8.0.17]
	at com.alibaba.druid.filter.FilterChainImpl.connection_connect(FilterChainImpl.java:156) ~[druid-1.1.10.jar:1.1.10]
	at com.alibaba.druid.filter.FilterAdapter.connection_connect(FilterAdapter.java:786) ~[druid-1.1.10.jar:1.1.10]
	at com.alibaba.druid.filter.FilterEventAdapter.connection_connect(FilterEventAdapter.java:38) ~[druid-1.1.10.jar:1.1.10]
	at com.alibaba.druid.filter.FilterChainImpl.connection_connect(FilterChainImpl.java:150) ~[druid-1.1.10.jar:1.1.10]
	at com.alibaba.druid.filter.FilterAdapter.connection_connect(FilterAdapter.java:786) ~[druid-1.1.10.jar:1.1.10]
	at com.alibaba.druid.filter.FilterChainImpl.connection_connect(FilterChainImpl.java:150) ~[druid-1.1.10.jar:1.1.10]
	at com.alibaba.druid.filter.stat.StatFilter.connection_connect(StatFilter.java:218) ~[druid-1.1.10.jar:1.1.10]
	at com.alibaba.druid.filter.FilterChainImpl.connection_connect(FilterChainImpl.java:150) ~[druid-1.1.10.jar:1.1.10]
	at com.alibaba.druid.pool.DruidAbstractDataSource.createPhysicalConnection(DruidAbstractDataSource.java:1560) ~[druid-1.1.10.jar:1.1.10]
	at com.alibaba.druid.pool.DruidAbstractDataSource.createPhysicalConnection(DruidAbstractDataSource.java:1623) ~[druid-1.1.10.jar:1.1.10]
	at com.alibaba.druid.pool.DruidDataSource.init(DruidDataSource.java:861) ~[druid-1.1.10.jar:1.1.10]
	at com.alibaba.druid.pool.DruidDataSource.getConnection(DruidDataSource.java:1229) ~[druid-1.1.10.jar:1.1.10]
	at com.alibaba.druid.pool.DruidDataSource.getConnection(DruidDataSource.java:1225) ~[druid-1.1.10.jar:1.1.10]
	at com.alibaba.druid.pool.DruidDataSource.getConnection(DruidDataSource.java:90) ~[druid-1.1.10.jar:1.1.10]
	at org.springframework.jdbc.datasource.lookup.AbstractRoutingDataSource.getConnection(AbstractRoutingDataSource.java:170) ~[spring-jdbc-5.1.10.RELEASE.jar:5.1.10.RELEASE]
	at cn.sunline.adp.dao.datasource.conn.DefaultDBConnectionManager._createConnection(DefaultDBConnectionManager.java:284) ~[adp-dao-datasource-4.1.1-zxbank-M7.9.jar:4.1.1-zxbank-M7.9]
	at cn.sunline.adp.dao.datasource.conn.DefaultDBConnectionManager._getConnection(DefaultDBConnectionManager.java:274) ~[adp-dao-datasource-4.1.1-zxbank-M7.9.jar:4.1.1-zxbank-M7.9]
	at cn.sunline.adp.dao.datasource.conn.DefaultDBConnectionManager.needCommit(DefaultDBConnectionManager.java:548) ~[adp-dao-datasource-4.1.1-zxbank-M7.9.jar:4.1.1-zxbank-M7.9]
	at cn.sunline.adp.dao.datasource.conn.DBConnectionManagerWrapper.needCommit(DBConnectionManagerWrapper.java:220) ~[adp-dao-datasource-4.1.1-zxbank-M7.9.jar:4.1.1-zxbank-M7.9]
	at cn.sunline.adp.metadata.mybatis.MyBatisSqlProcessor.querySqlList(MyBatisSqlProcessor.java:400) ~[adp-metadata-mybatis-4.1.1-zxbank-M7.9.jar:4.1.1-zxbank-M7.9]
	at cn.sunline.adp.metadata.mybatis.MyBatisSqlProcessor.querySqlList(MyBatisSqlProcessor.java:861) ~[adp-metadata-mybatis-4.1.1-zxbank-M7.9.jar:4.1.1-zxbank-M7.9]
	at cn.sunline.adp.metadata.mybatis.impl.DefaultEntityDao.selectAll(DefaultEntityDao.java:133) ~[adp-metadata-mybatis-4.1.1-zxbank-M7.9.jar:4.1.1-zxbank-M7.9]
	at cn.sunline.adp.metadata.base.dao.EntityDaoWrapper.selectAll(EntityDaoWrapper.java:118) ~[adp-metadata-base-4.1.1-zxbank-M7.9.jar:4.1.1-zxbank-M7.9]
	at cn.sunline.adp.metadata.loader.db.util.DaoUtil.selectAll(DaoUtil.java:313) ~[adp-metadata-loader-remote-4.1.1-zxbank-M7.9.jar:4.1.1-zxbank-M7.9]
	at cn.sunline.adp.metadata.loader.db.util.DaoUtil.selectAll(DaoUtil.java:294) ~[adp-metadata-loader-remote-4.1.1-zxbank-M7.9.jar:4.1.1-zxbank-M7.9]
	at cn.sunline.adp.metadata.loader.remote.impl.DBEntityDaoProcessControllerManager.getAllEntityDaoProcessController(DBEntityDaoProcessControllerManager.java:37) ~[adp-metadata-loader-remote-4.1.1-zxbank-M7.9.jar:4.1.1-zxbank-M7.9]
	at cn.sunline.adp.metadata.base.dao.DefaultEntityDaoFactory.initEntityDaoProcessControllers(DefaultEntityDaoFactory.java:175) ~[adp-metadata-base-4.1.1-zxbank-M7.9.jar:4.1.1-zxbank-M7.9]
	at cn.sunline.adp.metadata.base.dao.DefaultEntityDaoFactory.getEntityDaoProcessController(DefaultEntityDaoFactory.java:181) ~[adp-metadata-base-4.1.1-zxbank-M7.9.jar:4.1.1-zxbank-M7.9]
	at cn.sunline.adp.metadata.base.dao.DefaultEntityDaoFactory.getEntityDaoProcessController(DefaultEntityDaoFactory.java:208) ~[adp-metadata-base-4.1.1-zxbank-M7.9.jar:4.1.1-zxbank-M7.9]
	at cn.sunline.adp.metadata.base.dao.EntityDaoWrapper.<init>(EntityDaoWrapper.java:54) ~[adp-metadata-base-4.1.1-zxbank-M7.9.jar:4.1.1-zxbank-M7.9]
	at cn.sunline.adp.metadata.base.dao.DefaultEntityDaoFactory.addEntityDao(DefaultEntityDaoFactory.java:106) ~[adp-metadata-base-4.1.1-zxbank-M7.9.jar:4.1.1-zxbank-M7.9]
	at cn.sunline.adp.metadata.base.dao.DefaultEntityDaoFactory.getEntityDao(DefaultEntityDaoFactory.java:48) ~[adp-metadata-base-4.1.1-zxbank-M7.9.jar:4.1.1-zxbank-M7.9]
	at cn.sunline.adp.metadata.mybatis.impl.DefaultCommonDao.getEntityDao(DefaultCommonDao.java:118) ~[adp-metadata-mybatis-4.1.1-zxbank-M7.9.jar:4.1.1-zxbank-M7.9]
	at cn.sunline.adp.metadata.loader.db.util.DaoUtil.getEntityDao(DaoUtil.java:42) ~[adp-metadata-loader-remote-4.1.1-zxbank-M7.9.jar:4.1.1-zxbank-M7.9]
	at cn.sunline.adp.metadata.loader.db.util.DaoUtil.selectOneByIndex(DaoUtil.java:220) ~[adp-metadata-loader-remote-4.1.1-zxbank-M7.9.jar:4.1.1-zxbank-M7.9]
	at cn.sunline.adp.metadata.loader.db.util.DaoUtil.selectOneByIndex(DaoUtil.java:206) ~[adp-metadata-loader-remote-4.1.1-zxbank-M7.9.jar:4.1.1-zxbank-M7.9]
	at cn.sunline.adp.metadata.loader.remote.tables.KSysOnlTable$Tsp_param_version_infoDao.selectOne_odb1(KSysOnlTable.java:502) ~[adp-metadata-loader-remote-4.1.1-zxbank-M7.9.jar:4.1.1-zxbank-M7.9]
	at cn.sunline.adp.metadata.loader.remote.impl.DbParamVersionInfoDAOImpl.selectByKey(DbParamVersionInfoDAOImpl.java:39) ~[adp-metadata-loader-remote-4.1.1-zxbank-M7.9.jar:4.1.1-zxbank-M7.9]
	at cn.sunline.adp.metadata.loader.remote.parmreload.OdbChangeListenerManager.createOrGetParamVersion(OdbChangeListenerManager.java:171) ~[adp-metadata-loader-remote-4.1.1-zxbank-M7.9.jar:4.1.1-zxbank-M7.9]
	at cn.sunline.adp.metadata.loader.remote.parmreload.OdbChangeListenerManager.getDBMainParmVersion(OdbChangeListenerManager.java:39) ~[adp-metadata-loader-remote-4.1.1-zxbank-M7.9.jar:4.1.1-zxbank-M7.9]
	at cn.sunline.adp.metadata.loader.remote.store.RemoteEntityModelLoader.init(RemoteEntityModelLoader.java:102) ~[adp-metadata-loader-remote-4.1.1-zxbank-M7.9.jar:4.1.1-zxbank-M7.9]
	at cn.sunline.adp.metadata.loader.util.ModelManager.init(ModelManager.java:66) ~[adp-metadata-loader-4.1.1-zxbank-M7.9.jar:4.1.1-zxbank-M7.9]
	at cn.sunline.adp.metadata.starter.listener.MetadataAdpListener.startup(MetadataAdpListener.java:85) ~[adp-metadata-4.1.1-zxbank-M7.9.jar:4.1.1-zxbank-M7.9]
	at cn.sunline.adp.metadata.starter.listener.MetadataAdpListener.onBootEvent(MetadataAdpListener.java:41) ~[adp-metadata-4.1.1-zxbank-M7.9.jar:4.1.1-zxbank-M7.9]
	at cn.sunline.adp.core.AdpEngine.triggerEvent(AdpEngine.java:56) ~[adp-core-4.1.1-zxbank-M7.9.jar:4.1.1-zxbank-M7.9]
	at cn.sunline.adp.core.AdpEngine.doInit(AdpEngine.java:93) ~[adp-core-4.1.1-zxbank-M7.9.jar:4.1.1-zxbank-M7.9]
	at cn.sunline.adp.core.AdpEngine.init(AdpEngine.java:79) ~[adp-core-4.1.1-zxbank-M7.9.jar:4.1.1-zxbank-M7.9]
	... 11 more
[INFO ][09:21:53,751][main][ ][com.alibaba.cloud.nacos.registry.NacosServiceRegistry:76][De-registering from Nacos Server now...]
[ERROR][09:21:56,765][main][ ][com.alibaba.cloud.nacos.registry.NacosServiceRegistry:91][ERR_NACOS_DEREGISTER, de-register failed...NacosRegistration{nacosDiscoveryProperties=NacosDiscoveryProperties{serverAddr='10.18.88.255:8848', endpoint='', namespace='', watchDelay=30000, logName='', service='card', weight=1.0, clusterName='DEFAULT', group='DEFAULT_GROUP', namingLoadCacheAtStart='false', metadata={preserved.register.source=SPRING_CLOUD}, registerEnabled=true, ip='10.18.88.255', networkInterface='', port=8081, secure=false, accessKey='', secretKey='', heartBeatInterval=null, heartBeatTimeout=null, ipDeleteTimeout=null}},]
java.lang.IllegalStateException: failed to req API:/nacos/v1/ns/instance after all servers([10.18.88.255:8848]) tried: failed to req API:10.18.88.255:8848/nacos/v1/ns/instance. code:500 msg: java.net.SocketTimeoutException: connect timed out
	at com.alibaba.nacos.client.naming.net.NamingProxy.reqAPI(NamingProxy.java:467) ~[nacos-client-1.1.4.jar:?]
	at com.alibaba.nacos.client.naming.net.NamingProxy.reqAPI(NamingProxy.java:389) ~[nacos-client-1.1.4.jar:?]
	at com.alibaba.nacos.client.naming.net.NamingProxy.deregisterService(NamingProxy.java:208) ~[nacos-client-1.1.4.jar:?]
	at com.alibaba.nacos.client.naming.NacosNamingService.deregisterInstance(NacosNamingService.java:246) ~[nacos-client-1.1.4.jar:?]
	at com.alibaba.nacos.client.naming.NacosNamingService.deregisterInstance(NacosNamingService.java:233) ~[nacos-client-1.1.4.jar:?]
	at com.alibaba.cloud.nacos.registry.NacosServiceRegistry.deregister(NacosServiceRegistry.java:87) ~[spring-cloud-alibaba-nacos-discovery-2.1.1.RELEASE.jar:2.1.1.RELEASE]
	at org.springframework.cloud.client.serviceregistry.AbstractAutoServiceRegistration.deregister(AbstractAutoServiceRegistration.java:256) ~[spring-cloud-commons-2.1.4.RELEASE.jar:2.1.4.RELEASE]
	at org.springframework.cloud.client.serviceregistry.AbstractAutoServiceRegistration.stop(AbstractAutoServiceRegistration.java:271) ~[spring-cloud-commons-2.1.4.RELEASE.jar:2.1.4.RELEASE]
	at org.springframework.cloud.client.serviceregistry.AbstractAutoServiceRegistration.destroy(AbstractAutoServiceRegistration.java:208) ~[spring-cloud-commons-2.1.4.RELEASE.jar:2.1.4.RELEASE]
	at sun.reflect.NativeMethodAccessorImpl.invoke0(Native Method) ~[?:1.8.0_191]
	at sun.reflect.NativeMethodAccessorImpl.invoke(Unknown Source) ~[?:1.8.0_191]
	at sun.reflect.DelegatingMethodAccessorImpl.invoke(Unknown Source) ~[?:1.8.0_191]
	at java.lang.reflect.Method.invoke(Unknown Source) ~[?:1.8.0_191]
	at org.springframework.beans.factory.annotation.InitDestroyAnnotationBeanPostProcessor$LifecycleElement.invoke(InitDestroyAnnotationBeanPostProcessor.java:363) ~[spring-beans-5.1.10.RELEASE.jar:5.1.10.RELEASE]
	at org.springframework.beans.factory.annotation.InitDestroyAnnotationBeanPostProcessor$LifecycleMetadata.invokeDestroyMethods(InitDestroyAnnotationBeanPostProcessor.java:321) ~[spring-beans-5.1.10.RELEASE.jar:5.1.10.RELEASE]
	at org.springframework.beans.factory.annotation.InitDestroyAnnotationBeanPostProcessor.postProcessBeforeDestruction(InitDestroyAnnotationBeanPostProcessor.java:156) ~[spring-beans-5.1.10.RELEASE.jar:5.1.10.RELEASE]
	at org.springframework.beans.factory.support.DisposableBeanAdapter.destroy(DisposableBeanAdapter.java:242) ~[spring-beans-5.1.10.RELEASE.jar:5.1.10.RELEASE]
	at org.springframework.beans.factory.support.DefaultSingletonBeanRegistry.destroyBean(DefaultSingletonBeanRegistry.java:571) ~[spring-beans-5.1.10.RELEASE.jar:5.1.10.RELEASE]
	at org.springframework.beans.factory.support.DefaultSingletonBeanRegistry.destroySingleton(DefaultSingletonBeanRegistry.java:543) ~[spring-beans-5.1.10.RELEASE.jar:5.1.10.RELEASE]
	at org.springframework.beans.factory.support.DefaultListableBeanFactory.destroySingleton(DefaultListableBeanFactory.java:1040) ~[spring-beans-5.1.10.RELEASE.jar:5.1.10.RELEASE]
	at org.springframework.beans.factory.support.DefaultSingletonBeanRegistry.destroySingletons(DefaultSingletonBeanRegistry.java:504) ~[spring-beans-5.1.10.RELEASE.jar:5.1.10.RELEASE]
	at org.springframework.beans.factory.support.DefaultListableBeanFactory.destroySingletons(DefaultListableBeanFactory.java:1033) ~[spring-beans-5.1.10.RELEASE.jar:5.1.10.RELEASE]
	at org.springframework.context.support.AbstractApplicationContext.destroyBeans(AbstractApplicationContext.java:1057) ~[spring-context-5.1.10.RELEASE.jar:5.1.10.RELEASE]
	at org.springframework.context.support.AbstractApplicationContext.doClose(AbstractApplicationContext.java:1026) ~[spring-context-5.1.10.RELEASE.jar:5.1.10.RELEASE]
	at org.springframework.context.support.AbstractApplicationContext.close(AbstractApplicationContext.java:975) ~[spring-context-5.1.10.RELEASE.jar:5.1.10.RELEASE]
	at org.springframework.boot.SpringApplication.handleRunFailure(SpringApplication.java:800) ~[spring-boot-2.1.9.RELEASE.jar:2.1.9.RELEASE]
	at org.springframework.boot.SpringApplication.run(SpringApplication.java:330) ~[spring-boot-2.1.9.RELEASE.jar:2.1.9.RELEASE]
	at cn.sunline.adp.boot.cedar.CedarMain.main(CedarMain.java:71) ~[adp-boot-starter-4.1.1-zxbank-M7.9.jar:4.1.1-zxbank-M7.9]
	at cn.sunline.edsp.adp.boot.CardApplication.main(CardApplication.java:10) ~[classes/:?]
[INFO ][09:21:56,765][main][ ][com.alibaba.cloud.nacos.registry.NacosServiceRegistry:95][De-registration finished.]
[DEBUG][09:21:56,770][main][ ][org.apache.http.impl.conn.PoolingHttpClientConnectionManager:409][Connection manager is shutting down]
[DEBUG][09:21:56,770][main][ ][org.apache.http.impl.conn.PoolingHttpClientConnectionManager:415][Connection manager shut down]
[DEBUG][09:21:56,773][main][ ][io.lettuce.core.AbstractRedisClient:437][Initiate shutdown (100, 100, MILLISECONDS)]
[DEBUG][09:21:57,137][main][ ][io.lettuce.core.resource.DefaultClientResources:601][Initiate shutdown (0, 2, SECONDS)]
[DEBUG][09:21:57,138][main][ ][io.lettuce.core.resource.DefaultEventLoopGroupProvider:202][Initiate shutdown (0, 2, SECONDS)]
