[WARN ] [09:23:08,220][main][ ][ ][ ][ ][ ][cn.sunline.adp.metadata.mybatis.MyBatisSqlProcessor:470][当前执行sql的耗时[219]超过慢sql时间阀值[100],[FRWDB]SQL[KSysOnlTable.tsp_table_control.Entity.selectAll][null][0-10000]RowCount=0]
[WARN ] [10:48:27,816][main][ ][ ][ ][ ][ ][cn.sunline.adp.metadata.mybatis.MyBatisSqlProcessor:470][当前执行sql的耗时[206]超过慢sql时间阀值[100],[FRWDB]SQL[KSysOnlTable.tsp_table_control.Entity.selectAll][null][0-10000]RowCount=0]
[WARN ] [10:52:22,281][main][ ][ ][ ][ ][ ][cn.sunline.adp.metadata.mybatis.MyBatisSqlProcessor:470][当前执行sql的耗时[201]超过慢sql时间阀值[100],[FRWDB]SQL[KSysOnlTable.tsp_table_control.Entity.selectAll][null][0-10000]RowCount=0]
[WARN ] [11:00:07,848][main][ ][ ][ ][ ][ ][cn.sunline.adp.metadata.mybatis.MyBatisSqlProcessor:470][当前执行sql的耗时[549]超过慢sql时间阀值[100],[FRWDB]SQL[KSysOnlTable.tsp_table_control.Entity.selectAll][null][0-10000]RowCount=0]
[WARN ] [11:39:42,205][main][ ][ ][ ][ ][ ][cn.sunline.adp.metadata.mybatis.MyBatisSqlProcessor:470][当前执行sql的耗时[396]超过慢sql时间阀值[100],[FRWDB]SQL[KSysOnlTable.tsp_table_control.Entity.selectAll][null][0-10000]RowCount=0]
[WARN ] [11:39:42,353][main][ ][ ][ ][ ][ ][cn.sunline.adp.metadata.mybatis.MyBatisSqlProcessor:470][当前执行sql的耗时[137]超过慢sql时间阀值[100],[FRWDB]SQL[KSysOnlTable.tsp_param_version_info.Entity.selectByIndex_odb1][{param_code=*}][0-10000]RowCount=1]
[WARN ] [11:41:13,347][main][ ][ ][ ][ ][ ][cn.sunline.adp.metadata.mybatis.MyBatisSqlProcessor:470][当前执行sql的耗时[306]超过慢sql时间阀值[100],[FRWDB]SQL[KSysOnlTable.tsp_table_control.Entity.selectAll][null][0-10000]RowCount=0]
[WARN ] [11:42:26,104][main][ ][ ][ ][ ][ ][cn.sunline.adp.metadata.mybatis.MyBatisSqlProcessor:470][当前执行sql的耗时[226]超过慢sql时间阀值[100],[FRWDB]SQL[KSysOnlTable.tsp_table_control.Entity.selectAll][null][0-10000]RowCount=0]
[WARN ] [13:22:50,014][main][ ][ ][ ][ ][ ][cn.sunline.adp.metadata.mybatis.MyBatisSqlProcessor:470][当前执行sql的耗时[204]超过慢sql时间阀值[100],[FRWDB]SQL[KSysOnlTable.tsp_table_control.Entity.selectAll][null][0-10000]RowCount=0]
[WARN ] [13:40:36,532][main][ ][ ][ ][ ][ ][cn.sunline.adp.metadata.mybatis.MyBatisSqlProcessor:470][当前执行sql的耗时[267]超过慢sql时间阀值[100],[FRWDB]SQL[KSysOnlTable.tsp_table_control.Entity.selectAll][null][0-10000]RowCount=0]
[WARN ] [13:40:36,660][main][ ][ ][ ][ ][ ][cn.sunline.adp.metadata.mybatis.MyBatisSqlProcessor:470][当前执行sql的耗时[119]超过慢sql时间阀值[100],[FRWDB]SQL[KSysOnlTable.tsp_param_version_info.Entity.selectByIndex_odb1][{param_code=*}][0-10000]RowCount=1]
[WARN ] [13:43:27,072][main][ ][ ][ ][ ][ ][cn.sunline.adp.metadata.mybatis.MyBatisSqlProcessor:470][当前执行sql的耗时[220]超过慢sql时间阀值[100],[FRWDB]SQL[KSysOnlTable.tsp_table_control.Entity.selectAll][null][0-10000]RowCount=0]
[WARN ] [14:08:51,663][main][ ][ ][ ][ ][ ][cn.sunline.adp.metadata.mybatis.MyBatisSqlProcessor:470][当前执行sql的耗时[217]超过慢sql时间阀值[100],[FRWDB]SQL[KSysOnlTable.tsp_table_control.Entity.selectAll][null][0-10000]RowCount=0]
[WARN ] [14:08:53,053][main][ ][ ][ ][ ][ ][cn.sunline.adp.metadata.mybatis.MyBatisSqlProcessor:470][当前执行sql的耗时[119]超过慢sql时间阀值[100],[FRWDB]SQL[ServerTable.tsp_service_control.Entity.selectByIndex_odb2][{sub_system_code=cust, system_code=core}][0-10000]RowCount=2]
[WARN ] [14:29:36,438][main][ ][ ][ ][ ][ ][cn.sunline.adp.metadata.mybatis.MyBatisSqlProcessor:470][当前执行sql的耗时[218]超过慢sql时间阀值[100],[FRWDB]SQL[KSysOnlTable.tsp_table_control.Entity.selectAll][null][0-10000]RowCount=0]
[WARN ] [14:41:50,806][main][ ][ ][ ][ ][ ][cn.sunline.adp.metadata.mybatis.MyBatisSqlProcessor:470][当前执行sql的耗时[205]超过慢sql时间阀值[100],[FRWDB]SQL[KSysOnlTable.tsp_table_control.Entity.selectAll][null][0-10000]RowCount=0]
[WARN ] [14:46:37,218][main][ ][ ][ ][ ][ ][cn.sunline.adp.metadata.mybatis.MyBatisSqlProcessor:470][当前执行sql的耗时[212]超过慢sql时间阀值[100],[FRWDB]SQL[KSysOnlTable.tsp_table_control.Entity.selectAll][null][0-10000]RowCount=0]
[WARN ] [14:56:16,201][main][ ][ ][ ][ ][ ][cn.sunline.adp.metadata.mybatis.MyBatisSqlProcessor:470][当前执行sql的耗时[259]超过慢sql时间阀值[100],[FRWDB]SQL[KSysOnlTable.tsp_table_control.Entity.selectAll][null][0-10000]RowCount=0]
[WARN ] [14:57:12,225][main][ ][ ][ ][ ][ ][cn.sunline.adp.metadata.mybatis.MyBatisSqlProcessor:470][当前执行sql的耗时[243]超过慢sql时间阀值[100],[FRWDB]SQL[KSysOnlTable.tsp_table_control.Entity.selectAll][null][0-10000]RowCount=0]
[WARN ] [14:57:12,336][main][ ][ ][ ][ ][ ][cn.sunline.adp.metadata.mybatis.MyBatisSqlProcessor:470][当前执行sql的耗时[102]超过慢sql时间阀值[100],[FRWDB]SQL[KSysOnlTable.tsp_param_version_info.Entity.selectByIndex_odb1][{param_code=*}][0-10000]RowCount=1]
[WARN ] [14:58:03,819][main][ ][ ][ ][ ][ ][cn.sunline.adp.metadata.mybatis.MyBatisSqlProcessor:470][当前执行sql的耗时[202]超过慢sql时间阀值[100],[FRWDB]SQL[KSysOnlTable.tsp_table_control.Entity.selectAll][null][0-10000]RowCount=0]
[WARN ] [14:59:21,615][main][ ][ ][ ][ ][ ][cn.sunline.adp.metadata.mybatis.MyBatisSqlProcessor:470][当前执行sql的耗时[205]超过慢sql时间阀值[100],[FRWDB]SQL[KSysOnlTable.tsp_table_control.Entity.selectAll][null][0-10000]RowCount=0]
[WARN ] [15:05:24,955][main][ ][ ][ ][ ][ ][cn.sunline.adp.metadata.mybatis.MyBatisSqlProcessor:470][当前执行sql的耗时[215]超过慢sql时间阀值[100],[FRWDB]SQL[KSysOnlTable.tsp_table_control.Entity.selectAll][null][0-10000]RowCount=0]
[WARN ] [15:08:47,635][main][ ][ ][ ][ ][ ][cn.sunline.adp.metadata.mybatis.MyBatisSqlProcessor:470][当前执行sql的耗时[267]超过慢sql时间阀值[100],[FRWDB]SQL[KSysOnlTable.tsp_table_control.Entity.selectAll][null][0-10000]RowCount=0]
[WARN ] [15:08:47,753][main][ ][ ][ ][ ][ ][cn.sunline.adp.metadata.mybatis.MyBatisSqlProcessor:470][当前执行sql的耗时[109]超过慢sql时间阀值[100],[FRWDB]SQL[KSysOnlTable.tsp_param_version_info.Entity.selectByIndex_odb1][{param_code=*}][0-10000]RowCount=1]
[WARN ] [15:12:37,606][main][ ][ ][ ][ ][ ][cn.sunline.adp.metadata.mybatis.MyBatisSqlProcessor:470][当前执行sql的耗时[219]超过慢sql时间阀值[100],[FRWDB]SQL[KSysOnlTable.tsp_table_control.Entity.selectAll][null][0-10000]RowCount=0]
[WARN ] [15:13:02,710][http-nio-8082-exec-1][ ][ ][ ][ ][/userInfo/insertUserInfo][cn.sunline.adp.metadata.mybatis.MyBatisSqlProcessor:232][当前执行sql的耗时[239]超过慢sql时间阀值[100],SQL[AtTable.user_table.Entity.insert][user_table{userid=5, userName=脏脏, userAge=12}]RowCount=1]
[WARN ] [18:08:23,451][http-nio-8082-exec-5][ ][ ][ ][ ][/userInfo/insertUserInfo][cn.sunline.adp.metadata.mybatis.MyBatisSqlProcessor:232][当前执行sql的耗时[216]超过慢sql时间阀值[100],SQL[AtTable.user_table.Entity.insert][user_table{userid=4, userName=小朋友, userAge=125}]RowCount=1]
[WARN ] [18:41:21,145][main][ ][ ][ ][ ][ ][cn.sunline.adp.metadata.mybatis.MyBatisSqlProcessor:470][当前执行sql的耗时[387]超过慢sql时间阀值[100],[FRWDB]SQL[KSysOnlTable.tsp_table_control.Entity.selectAll][null][0-10000]RowCount=0]
[WARN ] [18:41:21,255][main][ ][ ][ ][ ][ ][cn.sunline.adp.metadata.mybatis.MyBatisSqlProcessor:470][当前执行sql的耗时[103]超过慢sql时间阀值[100],[FRWDB]SQL[KSysOnlTable.tsp_param_version_info.Entity.selectByIndex_odb1][{param_code=*}][0-10000]RowCount=1]
[WARN ] [18:41:35,802][http-nio-8082-exec-1][ ][ ][ ][ ][/userInfo/insertUserInfo][cn.sunline.adp.metadata.mybatis.MyBatisSqlProcessor:232][当前执行sql的耗时[249]超过慢sql时间阀值[100],SQL[AtTable.user_table.Entity.insert][user_table{userid=8, userName=小朋友, userAge=125}]RowCount=1]
